[2024-08-04T12:54:26.048+0000] {processor.py:161} INFO - Started process (PID=651) to work on /opt/airflow/dags/export_multiple_dbs_to_s3_dag .py
[2024-08-04T12:54:26.049+0000] {processor.py:830} INFO - Processing file /opt/airflow/dags/export_multiple_dbs_to_s3_dag .py for tasks to queue
[2024-08-04T12:54:26.050+0000] {logging_mixin.py:188} INFO - [2024-08-04T12:54:26.050+0000] {dagbag.py:545} INFO - Filling up the DagBag from /opt/airflow/dags/export_multiple_dbs_to_s3_dag .py
[2024-08-04T12:54:26.857+0000] {processor.py:840} INFO - DAG(s) 'export_multiple_dbs_to_s3_dag' retrieved from /opt/airflow/dags/export_multiple_dbs_to_s3_dag .py
[2024-08-04T12:54:26.941+0000] {logging_mixin.py:188} INFO - [2024-08-04T12:54:26.941+0000] {dag.py:3089} INFO - Sync 1 DAGs
[2024-08-04T12:54:26.961+0000] {logging_mixin.py:188} INFO - [2024-08-04T12:54:26.961+0000] {dag.py:3947} INFO - Setting next_dagrun for export_multiple_dbs_to_s3_dag to 2024-08-04 00:00:00+00:00, run_after=2024-08-05 00:00:00+00:00
[2024-08-04T12:54:26.980+0000] {processor.py:183} INFO - Processing /opt/airflow/dags/export_multiple_dbs_to_s3_dag .py took 0.938 seconds
[2024-08-04T12:54:57.422+0000] {processor.py:161} INFO - Started process (PID=710) to work on /opt/airflow/dags/export_multiple_dbs_to_s3_dag .py
[2024-08-04T12:54:57.424+0000] {processor.py:830} INFO - Processing file /opt/airflow/dags/export_multiple_dbs_to_s3_dag .py for tasks to queue
[2024-08-04T12:54:57.425+0000] {logging_mixin.py:188} INFO - [2024-08-04T12:54:57.424+0000] {dagbag.py:545} INFO - Filling up the DagBag from /opt/airflow/dags/export_multiple_dbs_to_s3_dag .py
[2024-08-04T12:54:58.072+0000] {processor.py:840} INFO - DAG(s) 'export_multiple_dbs_to_s3_dag' retrieved from /opt/airflow/dags/export_multiple_dbs_to_s3_dag .py
[2024-08-04T12:54:58.087+0000] {logging_mixin.py:188} INFO - [2024-08-04T12:54:58.086+0000] {dag.py:3089} INFO - Sync 1 DAGs
[2024-08-04T12:54:58.104+0000] {logging_mixin.py:188} INFO - [2024-08-04T12:54:58.104+0000] {dag.py:3947} INFO - Setting next_dagrun for export_multiple_dbs_to_s3_dag to 2024-08-04 00:00:00+00:00, run_after=2024-08-05 00:00:00+00:00
[2024-08-04T12:54:58.121+0000] {processor.py:183} INFO - Processing /opt/airflow/dags/export_multiple_dbs_to_s3_dag .py took 0.707 seconds
[2024-08-04T12:55:28.547+0000] {processor.py:161} INFO - Started process (PID=770) to work on /opt/airflow/dags/export_multiple_dbs_to_s3_dag .py
[2024-08-04T12:55:28.548+0000] {processor.py:830} INFO - Processing file /opt/airflow/dags/export_multiple_dbs_to_s3_dag .py for tasks to queue
[2024-08-04T12:55:28.549+0000] {logging_mixin.py:188} INFO - [2024-08-04T12:55:28.549+0000] {dagbag.py:545} INFO - Filling up the DagBag from /opt/airflow/dags/export_multiple_dbs_to_s3_dag .py
[2024-08-04T12:55:29.077+0000] {processor.py:840} INFO - DAG(s) 'export_multiple_dbs_to_s3_dag' retrieved from /opt/airflow/dags/export_multiple_dbs_to_s3_dag .py
[2024-08-04T12:55:29.098+0000] {logging_mixin.py:188} INFO - [2024-08-04T12:55:29.098+0000] {dag.py:3089} INFO - Sync 1 DAGs
[2024-08-04T12:55:29.114+0000] {logging_mixin.py:188} INFO - [2024-08-04T12:55:29.114+0000] {dag.py:3947} INFO - Setting next_dagrun for export_multiple_dbs_to_s3_dag to 2024-08-04 00:00:00+00:00, run_after=2024-08-05 00:00:00+00:00
[2024-08-04T12:55:29.129+0000] {processor.py:183} INFO - Processing /opt/airflow/dags/export_multiple_dbs_to_s3_dag .py took 0.587 seconds
[2024-08-04T12:55:59.839+0000] {processor.py:161} INFO - Started process (PID=831) to work on /opt/airflow/dags/export_multiple_dbs_to_s3_dag .py
[2024-08-04T12:55:59.840+0000] {processor.py:830} INFO - Processing file /opt/airflow/dags/export_multiple_dbs_to_s3_dag .py for tasks to queue
[2024-08-04T12:55:59.842+0000] {logging_mixin.py:188} INFO - [2024-08-04T12:55:59.841+0000] {dagbag.py:545} INFO - Filling up the DagBag from /opt/airflow/dags/export_multiple_dbs_to_s3_dag .py
[2024-08-04T12:56:00.436+0000] {processor.py:840} INFO - DAG(s) 'export_multiple_dbs_to_s3_dag' retrieved from /opt/airflow/dags/export_multiple_dbs_to_s3_dag .py
[2024-08-04T12:56:00.458+0000] {logging_mixin.py:188} INFO - [2024-08-04T12:56:00.458+0000] {dag.py:3089} INFO - Sync 1 DAGs
[2024-08-04T12:56:00.477+0000] {logging_mixin.py:188} INFO - [2024-08-04T12:56:00.477+0000] {dag.py:3947} INFO - Setting next_dagrun for export_multiple_dbs_to_s3_dag to 2024-08-04 00:00:00+00:00, run_after=2024-08-05 00:00:00+00:00
[2024-08-04T12:56:00.496+0000] {processor.py:183} INFO - Processing /opt/airflow/dags/export_multiple_dbs_to_s3_dag .py took 0.663 seconds
[2024-08-04T12:56:31.004+0000] {processor.py:161} INFO - Started process (PID=891) to work on /opt/airflow/dags/export_multiple_dbs_to_s3_dag .py
[2024-08-04T12:56:31.005+0000] {processor.py:830} INFO - Processing file /opt/airflow/dags/export_multiple_dbs_to_s3_dag .py for tasks to queue
[2024-08-04T12:56:31.006+0000] {logging_mixin.py:188} INFO - [2024-08-04T12:56:31.006+0000] {dagbag.py:545} INFO - Filling up the DagBag from /opt/airflow/dags/export_multiple_dbs_to_s3_dag .py
[2024-08-04T12:56:31.710+0000] {processor.py:840} INFO - DAG(s) 'export_multiple_dbs_to_s3_dag' retrieved from /opt/airflow/dags/export_multiple_dbs_to_s3_dag .py
[2024-08-04T12:56:31.728+0000] {logging_mixin.py:188} INFO - [2024-08-04T12:56:31.727+0000] {dag.py:3089} INFO - Sync 1 DAGs
[2024-08-04T12:56:31.750+0000] {logging_mixin.py:188} INFO - [2024-08-04T12:56:31.749+0000] {dag.py:3947} INFO - Setting next_dagrun for export_multiple_dbs_to_s3_dag to 2024-08-04 00:00:00+00:00, run_after=2024-08-05 00:00:00+00:00
[2024-08-04T12:56:31.769+0000] {processor.py:183} INFO - Processing /opt/airflow/dags/export_multiple_dbs_to_s3_dag .py took 0.772 seconds
[2024-08-04T12:57:02.141+0000] {processor.py:161} INFO - Started process (PID=951) to work on /opt/airflow/dags/export_multiple_dbs_to_s3_dag .py
[2024-08-04T12:57:02.142+0000] {processor.py:830} INFO - Processing file /opt/airflow/dags/export_multiple_dbs_to_s3_dag .py for tasks to queue
[2024-08-04T12:57:02.143+0000] {logging_mixin.py:188} INFO - [2024-08-04T12:57:02.143+0000] {dagbag.py:545} INFO - Filling up the DagBag from /opt/airflow/dags/export_multiple_dbs_to_s3_dag .py
[2024-08-04T12:57:02.696+0000] {processor.py:840} INFO - DAG(s) 'export_multiple_dbs_to_s3_dag' retrieved from /opt/airflow/dags/export_multiple_dbs_to_s3_dag .py
[2024-08-04T12:57:02.713+0000] {logging_mixin.py:188} INFO - [2024-08-04T12:57:02.713+0000] {dag.py:3089} INFO - Sync 1 DAGs
[2024-08-04T12:57:02.739+0000] {logging_mixin.py:188} INFO - [2024-08-04T12:57:02.739+0000] {dag.py:3947} INFO - Setting next_dagrun for export_multiple_dbs_to_s3_dag to 2024-08-04 00:00:00+00:00, run_after=2024-08-05 00:00:00+00:00
[2024-08-04T12:57:02.759+0000] {processor.py:183} INFO - Processing /opt/airflow/dags/export_multiple_dbs_to_s3_dag .py took 0.624 seconds
[2024-08-04T12:57:33.159+0000] {processor.py:161} INFO - Started process (PID=1011) to work on /opt/airflow/dags/export_multiple_dbs_to_s3_dag .py
[2024-08-04T12:57:33.160+0000] {processor.py:830} INFO - Processing file /opt/airflow/dags/export_multiple_dbs_to_s3_dag .py for tasks to queue
[2024-08-04T12:57:33.161+0000] {logging_mixin.py:188} INFO - [2024-08-04T12:57:33.161+0000] {dagbag.py:545} INFO - Filling up the DagBag from /opt/airflow/dags/export_multiple_dbs_to_s3_dag .py
[2024-08-04T12:57:33.815+0000] {processor.py:840} INFO - DAG(s) 'export_multiple_dbs_to_s3_dag' retrieved from /opt/airflow/dags/export_multiple_dbs_to_s3_dag .py
[2024-08-04T12:57:33.832+0000] {logging_mixin.py:188} INFO - [2024-08-04T12:57:33.832+0000] {dag.py:3089} INFO - Sync 1 DAGs
[2024-08-04T12:57:33.853+0000] {logging_mixin.py:188} INFO - [2024-08-04T12:57:33.853+0000] {dag.py:3947} INFO - Setting next_dagrun for export_multiple_dbs_to_s3_dag to 2024-08-04 00:00:00+00:00, run_after=2024-08-05 00:00:00+00:00
[2024-08-04T12:57:33.873+0000] {processor.py:183} INFO - Processing /opt/airflow/dags/export_multiple_dbs_to_s3_dag .py took 0.720 seconds
[2024-08-04T12:57:53.575+0000] {processor.py:161} INFO - Started process (PID=1063) to work on /opt/airflow/dags/export_multiple_dbs_to_s3_dag .py
[2024-08-04T12:57:53.576+0000] {processor.py:830} INFO - Processing file /opt/airflow/dags/export_multiple_dbs_to_s3_dag .py for tasks to queue
[2024-08-04T12:57:53.578+0000] {logging_mixin.py:188} INFO - [2024-08-04T12:57:53.577+0000] {dagbag.py:545} INFO - Filling up the DagBag from /opt/airflow/dags/export_multiple_dbs_to_s3_dag .py
[2024-08-04T12:57:54.773+0000] {processor.py:840} INFO - DAG(s) 'export_multiple_dbs_to_s3_dag' retrieved from /opt/airflow/dags/export_multiple_dbs_to_s3_dag .py
[2024-08-04T12:57:54.792+0000] {logging_mixin.py:188} INFO - [2024-08-04T12:57:54.792+0000] {dag.py:3089} INFO - Sync 1 DAGs
[2024-08-04T12:57:54.820+0000] {logging_mixin.py:188} INFO - [2024-08-04T12:57:54.819+0000] {dag.py:3947} INFO - Setting next_dagrun for export_multiple_dbs_to_s3_dag to 2024-08-04 00:00:00+00:00, run_after=2024-08-05 00:00:00+00:00
[2024-08-04T12:57:54.844+0000] {processor.py:183} INFO - Processing /opt/airflow/dags/export_multiple_dbs_to_s3_dag .py took 1.279 seconds
[2024-08-04T12:58:24.906+0000] {processor.py:161} INFO - Started process (PID=1122) to work on /opt/airflow/dags/export_multiple_dbs_to_s3_dag .py
[2024-08-04T12:58:24.907+0000] {processor.py:830} INFO - Processing file /opt/airflow/dags/export_multiple_dbs_to_s3_dag .py for tasks to queue
[2024-08-04T12:58:24.908+0000] {logging_mixin.py:188} INFO - [2024-08-04T12:58:24.908+0000] {dagbag.py:545} INFO - Filling up the DagBag from /opt/airflow/dags/export_multiple_dbs_to_s3_dag .py
[2024-08-04T12:58:25.757+0000] {processor.py:840} INFO - DAG(s) 'export_multiple_dbs_to_s3_dag' retrieved from /opt/airflow/dags/export_multiple_dbs_to_s3_dag .py
[2024-08-04T12:58:25.785+0000] {logging_mixin.py:188} INFO - [2024-08-04T12:58:25.785+0000] {dag.py:3089} INFO - Sync 1 DAGs
[2024-08-04T12:58:25.809+0000] {logging_mixin.py:188} INFO - [2024-08-04T12:58:25.809+0000] {dag.py:3947} INFO - Setting next_dagrun for export_multiple_dbs_to_s3_dag to 2024-08-04 00:00:00+00:00, run_after=2024-08-05 00:00:00+00:00
[2024-08-04T12:58:25.831+0000] {processor.py:183} INFO - Processing /opt/airflow/dags/export_multiple_dbs_to_s3_dag .py took 0.932 seconds
[2024-08-04T12:58:56.867+0000] {processor.py:161} INFO - Started process (PID=1188) to work on /opt/airflow/dags/export_multiple_dbs_to_s3_dag .py
[2024-08-04T12:58:56.868+0000] {processor.py:830} INFO - Processing file /opt/airflow/dags/export_multiple_dbs_to_s3_dag .py for tasks to queue
[2024-08-04T12:58:56.870+0000] {logging_mixin.py:188} INFO - [2024-08-04T12:58:56.869+0000] {dagbag.py:545} INFO - Filling up the DagBag from /opt/airflow/dags/export_multiple_dbs_to_s3_dag .py
[2024-08-04T12:58:57.540+0000] {processor.py:840} INFO - DAG(s) 'export_multiple_dbs_to_s3_dag' retrieved from /opt/airflow/dags/export_multiple_dbs_to_s3_dag .py
[2024-08-04T12:58:57.557+0000] {logging_mixin.py:188} INFO - [2024-08-04T12:58:57.557+0000] {dag.py:3089} INFO - Sync 1 DAGs
[2024-08-04T12:58:57.575+0000] {logging_mixin.py:188} INFO - [2024-08-04T12:58:57.575+0000] {dag.py:3947} INFO - Setting next_dagrun for export_multiple_dbs_to_s3_dag to 2024-08-04 00:00:00+00:00, run_after=2024-08-05 00:00:00+00:00
[2024-08-04T12:58:57.595+0000] {processor.py:183} INFO - Processing /opt/airflow/dags/export_multiple_dbs_to_s3_dag .py took 0.733 seconds
[2024-08-04T12:59:28.293+0000] {processor.py:161} INFO - Started process (PID=1248) to work on /opt/airflow/dags/export_multiple_dbs_to_s3_dag .py
[2024-08-04T12:59:28.294+0000] {processor.py:830} INFO - Processing file /opt/airflow/dags/export_multiple_dbs_to_s3_dag .py for tasks to queue
[2024-08-04T12:59:28.295+0000] {logging_mixin.py:188} INFO - [2024-08-04T12:59:28.295+0000] {dagbag.py:545} INFO - Filling up the DagBag from /opt/airflow/dags/export_multiple_dbs_to_s3_dag .py
[2024-08-04T12:59:28.855+0000] {processor.py:840} INFO - DAG(s) 'export_multiple_dbs_to_s3_dag' retrieved from /opt/airflow/dags/export_multiple_dbs_to_s3_dag .py
[2024-08-04T12:59:28.870+0000] {logging_mixin.py:188} INFO - [2024-08-04T12:59:28.870+0000] {dag.py:3089} INFO - Sync 1 DAGs
[2024-08-04T12:59:28.888+0000] {logging_mixin.py:188} INFO - [2024-08-04T12:59:28.888+0000] {dag.py:3947} INFO - Setting next_dagrun for export_multiple_dbs_to_s3_dag to 2024-08-04 00:00:00+00:00, run_after=2024-08-05 00:00:00+00:00
[2024-08-04T12:59:28.904+0000] {processor.py:183} INFO - Processing /opt/airflow/dags/export_multiple_dbs_to_s3_dag .py took 0.617 seconds
[2024-08-04T12:59:59.056+0000] {processor.py:161} INFO - Started process (PID=1308) to work on /opt/airflow/dags/export_multiple_dbs_to_s3_dag .py
[2024-08-04T12:59:59.057+0000] {processor.py:830} INFO - Processing file /opt/airflow/dags/export_multiple_dbs_to_s3_dag .py for tasks to queue
[2024-08-04T12:59:59.058+0000] {logging_mixin.py:188} INFO - [2024-08-04T12:59:59.057+0000] {dagbag.py:545} INFO - Filling up the DagBag from /opt/airflow/dags/export_multiple_dbs_to_s3_dag .py
[2024-08-04T12:59:59.633+0000] {processor.py:840} INFO - DAG(s) 'export_multiple_dbs_to_s3_dag' retrieved from /opt/airflow/dags/export_multiple_dbs_to_s3_dag .py
[2024-08-04T12:59:59.648+0000] {logging_mixin.py:188} INFO - [2024-08-04T12:59:59.647+0000] {dag.py:3089} INFO - Sync 1 DAGs
[2024-08-04T12:59:59.664+0000] {logging_mixin.py:188} INFO - [2024-08-04T12:59:59.664+0000] {dag.py:3947} INFO - Setting next_dagrun for export_multiple_dbs_to_s3_dag to 2024-08-04 00:00:00+00:00, run_after=2024-08-05 00:00:00+00:00
[2024-08-04T12:59:59.680+0000] {processor.py:183} INFO - Processing /opt/airflow/dags/export_multiple_dbs_to_s3_dag .py took 0.629 seconds
[2024-08-04T13:00:29.899+0000] {processor.py:161} INFO - Started process (PID=1368) to work on /opt/airflow/dags/export_multiple_dbs_to_s3_dag .py
[2024-08-04T13:00:29.900+0000] {processor.py:830} INFO - Processing file /opt/airflow/dags/export_multiple_dbs_to_s3_dag .py for tasks to queue
[2024-08-04T13:00:29.901+0000] {logging_mixin.py:188} INFO - [2024-08-04T13:00:29.901+0000] {dagbag.py:545} INFO - Filling up the DagBag from /opt/airflow/dags/export_multiple_dbs_to_s3_dag .py
[2024-08-04T13:00:30.557+0000] {processor.py:840} INFO - DAG(s) 'export_multiple_dbs_to_s3_dag' retrieved from /opt/airflow/dags/export_multiple_dbs_to_s3_dag .py
[2024-08-04T13:00:30.572+0000] {logging_mixin.py:188} INFO - [2024-08-04T13:00:30.571+0000] {dag.py:3089} INFO - Sync 1 DAGs
[2024-08-04T13:00:30.595+0000] {logging_mixin.py:188} INFO - [2024-08-04T13:00:30.594+0000] {dag.py:3947} INFO - Setting next_dagrun for export_multiple_dbs_to_s3_dag to 2024-08-04 00:00:00+00:00, run_after=2024-08-05 00:00:00+00:00
[2024-08-04T13:00:30.612+0000] {processor.py:183} INFO - Processing /opt/airflow/dags/export_multiple_dbs_to_s3_dag .py took 0.718 seconds
[2024-08-04T13:04:06.833+0000] {processor.py:161} INFO - Started process (PID=59) to work on /opt/airflow/dags/export_multiple_dbs_to_s3_dag .py
[2024-08-04T13:04:06.834+0000] {processor.py:830} INFO - Processing file /opt/airflow/dags/export_multiple_dbs_to_s3_dag .py for tasks to queue
[2024-08-04T13:04:06.837+0000] {logging_mixin.py:188} INFO - [2024-08-04T13:04:06.837+0000] {dagbag.py:545} INFO - Filling up the DagBag from /opt/airflow/dags/export_multiple_dbs_to_s3_dag .py
[2024-08-04T13:04:09.309+0000] {logging_mixin.py:188} INFO - [2024-08-04T13:04:09.304+0000] {dagbag.py:355} ERROR - Failed to import: /opt/airflow/dags/export_multiple_dbs_to_s3_dag .py
Traceback (most recent call last):
  File "/home/airflow/.local/lib/python3.12/site-packages/airflow/models/dagbag.py", line 351, in parse
    loader.exec_module(new_module)
  File "<frozen importlib._bootstrap_external>", line 995, in exec_module
  File "<frozen importlib._bootstrap>", line 488, in _call_with_frames_removed
  File "/opt/airflow/dags/export_multiple_dbs_to_s3_dag .py", line 8, in <module>
    from keys import get_s3_credentials  # Import your credentials
    ^^^^^^^^^^^^^^^^^^^^^^^^^^^^^^^^^^^
ModuleNotFoundError: No module named 'keys'
[2024-08-04T13:04:09.311+0000] {processor.py:842} WARNING - No viable dags retrieved from /opt/airflow/dags/export_multiple_dbs_to_s3_dag .py
[2024-08-04T13:04:09.337+0000] {processor.py:183} INFO - Processing /opt/airflow/dags/export_multiple_dbs_to_s3_dag .py took 2.522 seconds
[2024-08-04T13:04:39.793+0000] {processor.py:161} INFO - Started process (PID=123) to work on /opt/airflow/dags/export_multiple_dbs_to_s3_dag .py
[2024-08-04T13:04:39.794+0000] {processor.py:830} INFO - Processing file /opt/airflow/dags/export_multiple_dbs_to_s3_dag .py for tasks to queue
[2024-08-04T13:04:39.795+0000] {logging_mixin.py:188} INFO - [2024-08-04T13:04:39.795+0000] {dagbag.py:545} INFO - Filling up the DagBag from /opt/airflow/dags/export_multiple_dbs_to_s3_dag .py
[2024-08-04T13:04:40.348+0000] {logging_mixin.py:188} INFO - [2024-08-04T13:04:40.345+0000] {dagbag.py:355} ERROR - Failed to import: /opt/airflow/dags/export_multiple_dbs_to_s3_dag .py
Traceback (most recent call last):
  File "/home/airflow/.local/lib/python3.12/site-packages/airflow/models/dagbag.py", line 351, in parse
    loader.exec_module(new_module)
  File "<frozen importlib._bootstrap_external>", line 995, in exec_module
  File "<frozen importlib._bootstrap>", line 488, in _call_with_frames_removed
  File "/opt/airflow/dags/export_multiple_dbs_to_s3_dag .py", line 8, in <module>
    from keys import get_s3_credentials  # Import your credentials
    ^^^^^^^^^^^^^^^^^^^^^^^^^^^^^^^^^^^
ModuleNotFoundError: No module named 'keys'
[2024-08-04T13:04:40.349+0000] {processor.py:842} WARNING - No viable dags retrieved from /opt/airflow/dags/export_multiple_dbs_to_s3_dag .py
[2024-08-04T13:04:40.367+0000] {processor.py:183} INFO - Processing /opt/airflow/dags/export_multiple_dbs_to_s3_dag .py took 0.581 seconds
[2024-08-04T13:05:10.473+0000] {processor.py:161} INFO - Started process (PID=187) to work on /opt/airflow/dags/export_multiple_dbs_to_s3_dag .py
[2024-08-04T13:05:10.474+0000] {processor.py:830} INFO - Processing file /opt/airflow/dags/export_multiple_dbs_to_s3_dag .py for tasks to queue
[2024-08-04T13:05:10.475+0000] {logging_mixin.py:188} INFO - [2024-08-04T13:05:10.475+0000] {dagbag.py:545} INFO - Filling up the DagBag from /opt/airflow/dags/export_multiple_dbs_to_s3_dag .py
[2024-08-04T13:05:11.067+0000] {logging_mixin.py:188} INFO - [2024-08-04T13:05:11.064+0000] {dagbag.py:355} ERROR - Failed to import: /opt/airflow/dags/export_multiple_dbs_to_s3_dag .py
Traceback (most recent call last):
  File "/home/airflow/.local/lib/python3.12/site-packages/airflow/models/dagbag.py", line 351, in parse
    loader.exec_module(new_module)
  File "<frozen importlib._bootstrap_external>", line 995, in exec_module
  File "<frozen importlib._bootstrap>", line 488, in _call_with_frames_removed
  File "/opt/airflow/dags/export_multiple_dbs_to_s3_dag .py", line 8, in <module>
    from keys import get_s3_credentials  # Import your credentials
    ^^^^^^^^^^^^^^^^^^^^^^^^^^^^^^^^^^^
ModuleNotFoundError: No module named 'keys'
[2024-08-04T13:05:11.069+0000] {processor.py:842} WARNING - No viable dags retrieved from /opt/airflow/dags/export_multiple_dbs_to_s3_dag .py
[2024-08-04T13:05:11.083+0000] {processor.py:183} INFO - Processing /opt/airflow/dags/export_multiple_dbs_to_s3_dag .py took 0.615 seconds
[2024-08-04T13:05:41.870+0000] {processor.py:161} INFO - Started process (PID=256) to work on /opt/airflow/dags/export_multiple_dbs_to_s3_dag .py
[2024-08-04T13:05:41.872+0000] {processor.py:830} INFO - Processing file /opt/airflow/dags/export_multiple_dbs_to_s3_dag .py for tasks to queue
[2024-08-04T13:05:41.873+0000] {logging_mixin.py:188} INFO - [2024-08-04T13:05:41.873+0000] {dagbag.py:545} INFO - Filling up the DagBag from /opt/airflow/dags/export_multiple_dbs_to_s3_dag .py
[2024-08-04T13:05:42.425+0000] {logging_mixin.py:188} INFO - [2024-08-04T13:05:42.421+0000] {dagbag.py:355} ERROR - Failed to import: /opt/airflow/dags/export_multiple_dbs_to_s3_dag .py
Traceback (most recent call last):
  File "/home/airflow/.local/lib/python3.12/site-packages/airflow/models/dagbag.py", line 351, in parse
    loader.exec_module(new_module)
  File "<frozen importlib._bootstrap_external>", line 995, in exec_module
  File "<frozen importlib._bootstrap>", line 488, in _call_with_frames_removed
  File "/opt/airflow/dags/export_multiple_dbs_to_s3_dag .py", line 8, in <module>
    from keys import get_s3_credentials  # Import your credentials
    ^^^^^^^^^^^^^^^^^^^^^^^^^^^^^^^^^^^
ModuleNotFoundError: No module named 'keys'
[2024-08-04T13:05:42.426+0000] {processor.py:842} WARNING - No viable dags retrieved from /opt/airflow/dags/export_multiple_dbs_to_s3_dag .py
[2024-08-04T13:05:42.443+0000] {processor.py:183} INFO - Processing /opt/airflow/dags/export_multiple_dbs_to_s3_dag .py took 0.579 seconds
[2024-08-04T13:06:12.613+0000] {processor.py:161} INFO - Started process (PID=320) to work on /opt/airflow/dags/export_multiple_dbs_to_s3_dag .py
[2024-08-04T13:06:12.615+0000] {processor.py:830} INFO - Processing file /opt/airflow/dags/export_multiple_dbs_to_s3_dag .py for tasks to queue
[2024-08-04T13:06:12.616+0000] {logging_mixin.py:188} INFO - [2024-08-04T13:06:12.616+0000] {dagbag.py:545} INFO - Filling up the DagBag from /opt/airflow/dags/export_multiple_dbs_to_s3_dag .py
[2024-08-04T13:06:13.144+0000] {logging_mixin.py:188} INFO - [2024-08-04T13:06:13.139+0000] {dagbag.py:355} ERROR - Failed to import: /opt/airflow/dags/export_multiple_dbs_to_s3_dag .py
Traceback (most recent call last):
  File "/home/airflow/.local/lib/python3.12/site-packages/airflow/models/dagbag.py", line 351, in parse
    loader.exec_module(new_module)
  File "<frozen importlib._bootstrap_external>", line 995, in exec_module
  File "<frozen importlib._bootstrap>", line 488, in _call_with_frames_removed
  File "/opt/airflow/dags/export_multiple_dbs_to_s3_dag .py", line 8, in <module>
    from keys import get_s3_credentials  # Import your credentials
    ^^^^^^^^^^^^^^^^^^^^^^^^^^^^^^^^^^^
ModuleNotFoundError: No module named 'keys'
[2024-08-04T13:06:13.145+0000] {processor.py:842} WARNING - No viable dags retrieved from /opt/airflow/dags/export_multiple_dbs_to_s3_dag .py
[2024-08-04T13:06:13.159+0000] {processor.py:183} INFO - Processing /opt/airflow/dags/export_multiple_dbs_to_s3_dag .py took 0.553 seconds
[2024-08-04T13:06:31.318+0000] {processor.py:161} INFO - Started process (PID=358) to work on /opt/airflow/dags/export_multiple_dbs_to_s3_dag .py
[2024-08-04T13:06:31.319+0000] {processor.py:830} INFO - Processing file /opt/airflow/dags/export_multiple_dbs_to_s3_dag .py for tasks to queue
[2024-08-04T13:06:31.321+0000] {logging_mixin.py:188} INFO - [2024-08-04T13:06:31.320+0000] {dagbag.py:545} INFO - Filling up the DagBag from /opt/airflow/dags/export_multiple_dbs_to_s3_dag .py
[2024-08-04T13:06:31.864+0000] {logging_mixin.py:188} INFO - [2024-08-04T13:06:31.861+0000] {dagbag.py:355} ERROR - Failed to import: /opt/airflow/dags/export_multiple_dbs_to_s3_dag .py
Traceback (most recent call last):
  File "/home/airflow/.local/lib/python3.12/site-packages/airflow/models/dagbag.py", line 351, in parse
    loader.exec_module(new_module)
  File "<frozen importlib._bootstrap_external>", line 995, in exec_module
  File "<frozen importlib._bootstrap>", line 488, in _call_with_frames_removed
  File "/opt/airflow/dags/export_multiple_dbs_to_s3_dag .py", line 8, in <module>
    from dags.keys import get_s3_credentials  # Import your credentials
    ^^^^^^^^^^^^^^^^^^^^^^^^^^^^^^^^^^^^^^^^
ModuleNotFoundError: No module named 'dags'
[2024-08-04T13:06:31.865+0000] {processor.py:842} WARNING - No viable dags retrieved from /opt/airflow/dags/export_multiple_dbs_to_s3_dag .py
[2024-08-04T13:06:31.884+0000] {processor.py:183} INFO - Processing /opt/airflow/dags/export_multiple_dbs_to_s3_dag .py took 0.575 seconds
[2024-08-04T13:07:42.329+0000] {processor.py:161} INFO - Started process (PID=55) to work on /opt/airflow/dags/export_multiple_dbs_to_s3_dag .py
[2024-08-04T13:07:42.330+0000] {processor.py:830} INFO - Processing file /opt/airflow/dags/export_multiple_dbs_to_s3_dag .py for tasks to queue
[2024-08-04T13:07:42.332+0000] {logging_mixin.py:188} INFO - [2024-08-04T13:07:42.331+0000] {dagbag.py:545} INFO - Filling up the DagBag from /opt/airflow/dags/export_multiple_dbs_to_s3_dag .py
[2024-08-04T13:08:00.818+0000] {processor.py:161} INFO - Started process (PID=42) to work on /opt/airflow/dags/export_multiple_dbs_to_s3_dag .py
[2024-08-04T13:08:00.819+0000] {processor.py:830} INFO - Processing file /opt/airflow/dags/export_multiple_dbs_to_s3_dag .py for tasks to queue
[2024-08-04T13:08:00.821+0000] {logging_mixin.py:188} INFO - [2024-08-04T13:08:00.820+0000] {dagbag.py:545} INFO - Filling up the DagBag from /opt/airflow/dags/export_multiple_dbs_to_s3_dag .py
[2024-08-04T13:08:01.660+0000] {logging_mixin.py:188} INFO - [2024-08-04T13:08:01.656+0000] {dagbag.py:355} ERROR - Failed to import: /opt/airflow/dags/export_multiple_dbs_to_s3_dag .py
Traceback (most recent call last):
  File "/home/airflow/.local/lib/python3.12/site-packages/airflow/models/dagbag.py", line 351, in parse
    loader.exec_module(new_module)
  File "<frozen importlib._bootstrap_external>", line 995, in exec_module
  File "<frozen importlib._bootstrap>", line 488, in _call_with_frames_removed
  File "/opt/airflow/dags/export_multiple_dbs_to_s3_dag .py", line 8, in <module>
    from dags.keys import get_s3_credentials  # Import your credentials
    ^^^^^^^^^^^^^^^^^^^^^^^^^^^^^^^^^^^^^^^^
ModuleNotFoundError: No module named 'dags'
[2024-08-04T13:08:01.662+0000] {processor.py:842} WARNING - No viable dags retrieved from /opt/airflow/dags/export_multiple_dbs_to_s3_dag .py
[2024-08-04T13:08:01.699+0000] {processor.py:183} INFO - Processing /opt/airflow/dags/export_multiple_dbs_to_s3_dag .py took 0.887 seconds
[2024-08-04T13:08:32.661+0000] {processor.py:161} INFO - Started process (PID=107) to work on /opt/airflow/dags/export_multiple_dbs_to_s3_dag .py
[2024-08-04T13:08:32.662+0000] {processor.py:830} INFO - Processing file /opt/airflow/dags/export_multiple_dbs_to_s3_dag .py for tasks to queue
[2024-08-04T13:08:32.666+0000] {logging_mixin.py:188} INFO - [2024-08-04T13:08:32.666+0000] {dagbag.py:545} INFO - Filling up the DagBag from /opt/airflow/dags/export_multiple_dbs_to_s3_dag .py
[2024-08-04T13:08:33.425+0000] {logging_mixin.py:188} INFO - [2024-08-04T13:08:33.418+0000] {dagbag.py:355} ERROR - Failed to import: /opt/airflow/dags/export_multiple_dbs_to_s3_dag .py
Traceback (most recent call last):
  File "/home/airflow/.local/lib/python3.12/site-packages/airflow/models/dagbag.py", line 351, in parse
    loader.exec_module(new_module)
  File "<frozen importlib._bootstrap_external>", line 995, in exec_module
  File "<frozen importlib._bootstrap>", line 488, in _call_with_frames_removed
  File "/opt/airflow/dags/export_multiple_dbs_to_s3_dag .py", line 8, in <module>
    from dags.keys import get_s3_credentials  # Import your credentials
    ^^^^^^^^^^^^^^^^^^^^^^^^^^^^^^^^^^^^^^^^
ModuleNotFoundError: No module named 'dags'
[2024-08-04T13:08:33.431+0000] {processor.py:842} WARNING - No viable dags retrieved from /opt/airflow/dags/export_multiple_dbs_to_s3_dag .py
[2024-08-04T13:08:33.468+0000] {processor.py:183} INFO - Processing /opt/airflow/dags/export_multiple_dbs_to_s3_dag .py took 0.815 seconds
[2024-08-04T13:09:03.855+0000] {processor.py:161} INFO - Started process (PID=173) to work on /opt/airflow/dags/export_multiple_dbs_to_s3_dag .py
[2024-08-04T13:09:03.857+0000] {processor.py:830} INFO - Processing file /opt/airflow/dags/export_multiple_dbs_to_s3_dag .py for tasks to queue
[2024-08-04T13:09:03.861+0000] {logging_mixin.py:188} INFO - [2024-08-04T13:09:03.860+0000] {dagbag.py:545} INFO - Filling up the DagBag from /opt/airflow/dags/export_multiple_dbs_to_s3_dag .py
[2024-08-04T13:09:04.667+0000] {logging_mixin.py:188} INFO - [2024-08-04T13:09:04.663+0000] {dagbag.py:355} ERROR - Failed to import: /opt/airflow/dags/export_multiple_dbs_to_s3_dag .py
Traceback (most recent call last):
  File "/home/airflow/.local/lib/python3.12/site-packages/airflow/models/dagbag.py", line 351, in parse
    loader.exec_module(new_module)
  File "<frozen importlib._bootstrap_external>", line 995, in exec_module
  File "<frozen importlib._bootstrap>", line 488, in _call_with_frames_removed
  File "/opt/airflow/dags/export_multiple_dbs_to_s3_dag .py", line 8, in <module>
    from dags.keys import get_s3_credentials  # Import your credentials
    ^^^^^^^^^^^^^^^^^^^^^^^^^^^^^^^^^^^^^^^^
ModuleNotFoundError: No module named 'dags'
[2024-08-04T13:09:04.672+0000] {processor.py:842} WARNING - No viable dags retrieved from /opt/airflow/dags/export_multiple_dbs_to_s3_dag .py
[2024-08-04T13:09:04.694+0000] {processor.py:183} INFO - Processing /opt/airflow/dags/export_multiple_dbs_to_s3_dag .py took 0.847 seconds
[2024-08-04T13:09:15.016+0000] {processor.py:161} INFO - Started process (PID=222) to work on /opt/airflow/dags/export_multiple_dbs_to_s3_dag .py
[2024-08-04T13:09:15.017+0000] {processor.py:830} INFO - Processing file /opt/airflow/dags/export_multiple_dbs_to_s3_dag .py for tasks to queue
[2024-08-04T13:09:15.019+0000] {logging_mixin.py:188} INFO - [2024-08-04T13:09:15.018+0000] {dagbag.py:545} INFO - Filling up the DagBag from /opt/airflow/dags/export_multiple_dbs_to_s3_dag .py
[2024-08-04T13:09:15.725+0000] {processor.py:840} INFO - DAG(s) 'export_multiple_dbs_to_s3_dag' retrieved from /opt/airflow/dags/export_multiple_dbs_to_s3_dag .py
[2024-08-04T13:09:15.808+0000] {logging_mixin.py:188} INFO - [2024-08-04T13:09:15.808+0000] {dag.py:3089} INFO - Sync 1 DAGs
[2024-08-04T13:09:15.827+0000] {logging_mixin.py:188} INFO - [2024-08-04T13:09:15.826+0000] {dag.py:3947} INFO - Setting next_dagrun for export_multiple_dbs_to_s3_dag to 2024-08-04 00:00:00+00:00, run_after=2024-08-05 00:00:00+00:00
[2024-08-04T13:09:15.851+0000] {processor.py:183} INFO - Processing /opt/airflow/dags/export_multiple_dbs_to_s3_dag .py took 0.841 seconds
[2024-08-04T13:09:45.899+0000] {processor.py:161} INFO - Started process (PID=282) to work on /opt/airflow/dags/export_multiple_dbs_to_s3_dag .py
[2024-08-04T13:09:45.900+0000] {processor.py:830} INFO - Processing file /opt/airflow/dags/export_multiple_dbs_to_s3_dag .py for tasks to queue
[2024-08-04T13:09:45.902+0000] {logging_mixin.py:188} INFO - [2024-08-04T13:09:45.902+0000] {dagbag.py:545} INFO - Filling up the DagBag from /opt/airflow/dags/export_multiple_dbs_to_s3_dag .py
[2024-08-04T13:09:46.490+0000] {processor.py:840} INFO - DAG(s) 'export_multiple_dbs_to_s3_dag' retrieved from /opt/airflow/dags/export_multiple_dbs_to_s3_dag .py
[2024-08-04T13:09:46.509+0000] {logging_mixin.py:188} INFO - [2024-08-04T13:09:46.508+0000] {dag.py:3089} INFO - Sync 1 DAGs
[2024-08-04T13:09:46.539+0000] {logging_mixin.py:188} INFO - [2024-08-04T13:09:46.539+0000] {dag.py:3947} INFO - Setting next_dagrun for export_multiple_dbs_to_s3_dag to 2024-08-04 00:00:00+00:00, run_after=2024-08-05 00:00:00+00:00
[2024-08-04T13:09:46.559+0000] {processor.py:183} INFO - Processing /opt/airflow/dags/export_multiple_dbs_to_s3_dag .py took 0.665 seconds
[2024-08-04T13:10:16.617+0000] {processor.py:161} INFO - Started process (PID=342) to work on /opt/airflow/dags/export_multiple_dbs_to_s3_dag .py
[2024-08-04T13:10:16.618+0000] {processor.py:830} INFO - Processing file /opt/airflow/dags/export_multiple_dbs_to_s3_dag .py for tasks to queue
[2024-08-04T13:10:16.620+0000] {logging_mixin.py:188} INFO - [2024-08-04T13:10:16.620+0000] {dagbag.py:545} INFO - Filling up the DagBag from /opt/airflow/dags/export_multiple_dbs_to_s3_dag .py
[2024-08-04T13:10:17.225+0000] {processor.py:840} INFO - DAG(s) 'export_multiple_dbs_to_s3_dag' retrieved from /opt/airflow/dags/export_multiple_dbs_to_s3_dag .py
[2024-08-04T13:10:17.242+0000] {logging_mixin.py:188} INFO - [2024-08-04T13:10:17.241+0000] {dag.py:3089} INFO - Sync 1 DAGs
[2024-08-04T13:10:17.261+0000] {logging_mixin.py:188} INFO - [2024-08-04T13:10:17.261+0000] {dag.py:3947} INFO - Setting next_dagrun for export_multiple_dbs_to_s3_dag to 2024-08-04 00:00:00+00:00, run_after=2024-08-05 00:00:00+00:00
[2024-08-04T13:10:17.288+0000] {processor.py:183} INFO - Processing /opt/airflow/dags/export_multiple_dbs_to_s3_dag .py took 0.676 seconds
[2024-08-04T13:11:29.173+0000] {processor.py:161} INFO - Started process (PID=54) to work on /opt/airflow/dags/export_multiple_dbs_to_s3_dag .py
[2024-08-04T13:11:29.174+0000] {processor.py:830} INFO - Processing file /opt/airflow/dags/export_multiple_dbs_to_s3_dag .py for tasks to queue
[2024-08-04T13:11:29.177+0000] {logging_mixin.py:188} INFO - [2024-08-04T13:11:29.177+0000] {dagbag.py:545} INFO - Filling up the DagBag from /opt/airflow/dags/export_multiple_dbs_to_s3_dag .py
[2024-08-04T13:11:32.031+0000] {processor.py:840} INFO - DAG(s) 'export_multiple_dbs_to_s3_dag' retrieved from /opt/airflow/dags/export_multiple_dbs_to_s3_dag .py
[2024-08-04T13:11:32.165+0000] {logging_mixin.py:188} INFO - [2024-08-04T13:11:32.165+0000] {dag.py:3089} INFO - Sync 1 DAGs
[2024-08-04T13:11:32.189+0000] {logging_mixin.py:188} INFO - [2024-08-04T13:11:32.189+0000] {dag.py:3947} INFO - Setting next_dagrun for export_multiple_dbs_to_s3_dag to 2024-08-04 00:00:00+00:00, run_after=2024-08-05 00:00:00+00:00
[2024-08-04T13:11:32.213+0000] {processor.py:183} INFO - Processing /opt/airflow/dags/export_multiple_dbs_to_s3_dag .py took 3.047 seconds
[2024-08-04T13:12:02.300+0000] {processor.py:161} INFO - Started process (PID=125) to work on /opt/airflow/dags/export_multiple_dbs_to_s3_dag .py
[2024-08-04T13:12:02.301+0000] {processor.py:830} INFO - Processing file /opt/airflow/dags/export_multiple_dbs_to_s3_dag .py for tasks to queue
[2024-08-04T13:12:02.304+0000] {logging_mixin.py:188} INFO - [2024-08-04T13:12:02.303+0000] {dagbag.py:545} INFO - Filling up the DagBag from /opt/airflow/dags/export_multiple_dbs_to_s3_dag .py
[2024-08-04T13:12:03.018+0000] {processor.py:840} INFO - DAG(s) 'export_multiple_dbs_to_s3_dag' retrieved from /opt/airflow/dags/export_multiple_dbs_to_s3_dag .py
[2024-08-04T13:12:03.036+0000] {logging_mixin.py:188} INFO - [2024-08-04T13:12:03.035+0000] {dag.py:3089} INFO - Sync 1 DAGs
[2024-08-04T13:12:03.063+0000] {logging_mixin.py:188} INFO - [2024-08-04T13:12:03.063+0000] {dag.py:3947} INFO - Setting next_dagrun for export_multiple_dbs_to_s3_dag to 2024-08-04 00:00:00+00:00, run_after=2024-08-05 00:00:00+00:00
[2024-08-04T13:12:03.085+0000] {processor.py:183} INFO - Processing /opt/airflow/dags/export_multiple_dbs_to_s3_dag .py took 0.790 seconds
[2024-08-04T13:12:33.135+0000] {processor.py:161} INFO - Started process (PID=190) to work on /opt/airflow/dags/export_multiple_dbs_to_s3_dag .py
[2024-08-04T13:12:33.137+0000] {processor.py:830} INFO - Processing file /opt/airflow/dags/export_multiple_dbs_to_s3_dag .py for tasks to queue
[2024-08-04T13:12:33.139+0000] {logging_mixin.py:188} INFO - [2024-08-04T13:12:33.139+0000] {dagbag.py:545} INFO - Filling up the DagBag from /opt/airflow/dags/export_multiple_dbs_to_s3_dag .py
[2024-08-04T13:12:34.015+0000] {processor.py:840} INFO - DAG(s) 'export_multiple_dbs_to_s3_dag' retrieved from /opt/airflow/dags/export_multiple_dbs_to_s3_dag .py
[2024-08-04T13:12:34.042+0000] {logging_mixin.py:188} INFO - [2024-08-04T13:12:34.041+0000] {dag.py:3089} INFO - Sync 1 DAGs
[2024-08-04T13:12:34.066+0000] {logging_mixin.py:188} INFO - [2024-08-04T13:12:34.066+0000] {dag.py:3947} INFO - Setting next_dagrun for export_multiple_dbs_to_s3_dag to 2024-08-04 00:00:00+00:00, run_after=2024-08-05 00:00:00+00:00
[2024-08-04T13:12:34.092+0000] {processor.py:183} INFO - Processing /opt/airflow/dags/export_multiple_dbs_to_s3_dag .py took 0.963 seconds
[2024-08-04T13:13:04.510+0000] {processor.py:161} INFO - Started process (PID=250) to work on /opt/airflow/dags/export_multiple_dbs_to_s3_dag .py
[2024-08-04T13:13:04.513+0000] {processor.py:830} INFO - Processing file /opt/airflow/dags/export_multiple_dbs_to_s3_dag .py for tasks to queue
[2024-08-04T13:13:04.516+0000] {logging_mixin.py:188} INFO - [2024-08-04T13:13:04.516+0000] {dagbag.py:545} INFO - Filling up the DagBag from /opt/airflow/dags/export_multiple_dbs_to_s3_dag .py
[2024-08-04T13:13:05.311+0000] {processor.py:840} INFO - DAG(s) 'export_multiple_dbs_to_s3_dag' retrieved from /opt/airflow/dags/export_multiple_dbs_to_s3_dag .py
[2024-08-04T13:13:05.336+0000] {logging_mixin.py:188} INFO - [2024-08-04T13:13:05.335+0000] {dag.py:3089} INFO - Sync 1 DAGs
[2024-08-04T13:13:05.357+0000] {logging_mixin.py:188} INFO - [2024-08-04T13:13:05.357+0000] {dag.py:3947} INFO - Setting next_dagrun for export_multiple_dbs_to_s3_dag to 2024-08-04 00:00:00+00:00, run_after=2024-08-05 00:00:00+00:00
[2024-08-04T13:13:05.376+0000] {processor.py:183} INFO - Processing /opt/airflow/dags/export_multiple_dbs_to_s3_dag .py took 0.872 seconds
[2024-08-04T13:13:35.548+0000] {processor.py:161} INFO - Started process (PID=314) to work on /opt/airflow/dags/export_multiple_dbs_to_s3_dag .py
[2024-08-04T13:13:35.549+0000] {processor.py:830} INFO - Processing file /opt/airflow/dags/export_multiple_dbs_to_s3_dag .py for tasks to queue
[2024-08-04T13:13:35.551+0000] {logging_mixin.py:188} INFO - [2024-08-04T13:13:35.551+0000] {dagbag.py:545} INFO - Filling up the DagBag from /opt/airflow/dags/export_multiple_dbs_to_s3_dag .py
[2024-08-04T13:13:36.502+0000] {processor.py:840} INFO - DAG(s) 'export_multiple_dbs_to_s3_dag' retrieved from /opt/airflow/dags/export_multiple_dbs_to_s3_dag .py
[2024-08-04T13:13:36.527+0000] {logging_mixin.py:188} INFO - [2024-08-04T13:13:36.527+0000] {dag.py:3089} INFO - Sync 1 DAGs
[2024-08-04T13:13:36.569+0000] {logging_mixin.py:188} INFO - [2024-08-04T13:13:36.568+0000] {dag.py:3947} INFO - Setting next_dagrun for export_multiple_dbs_to_s3_dag to 2024-08-04 00:00:00+00:00, run_after=2024-08-05 00:00:00+00:00
[2024-08-04T13:13:36.596+0000] {processor.py:183} INFO - Processing /opt/airflow/dags/export_multiple_dbs_to_s3_dag .py took 1.057 seconds
[2024-08-04T13:14:07.161+0000] {processor.py:161} INFO - Started process (PID=380) to work on /opt/airflow/dags/export_multiple_dbs_to_s3_dag .py
[2024-08-04T13:14:07.163+0000] {processor.py:830} INFO - Processing file /opt/airflow/dags/export_multiple_dbs_to_s3_dag .py for tasks to queue
[2024-08-04T13:14:07.165+0000] {logging_mixin.py:188} INFO - [2024-08-04T13:14:07.165+0000] {dagbag.py:545} INFO - Filling up the DagBag from /opt/airflow/dags/export_multiple_dbs_to_s3_dag .py
[2024-08-04T13:14:07.876+0000] {processor.py:840} INFO - DAG(s) 'export_multiple_dbs_to_s3_dag' retrieved from /opt/airflow/dags/export_multiple_dbs_to_s3_dag .py
[2024-08-04T13:14:07.892+0000] {logging_mixin.py:188} INFO - [2024-08-04T13:14:07.891+0000] {dag.py:3089} INFO - Sync 1 DAGs
[2024-08-04T13:14:07.913+0000] {logging_mixin.py:188} INFO - [2024-08-04T13:14:07.912+0000] {dag.py:3947} INFO - Setting next_dagrun for export_multiple_dbs_to_s3_dag to 2024-08-04 00:00:00+00:00, run_after=2024-08-05 00:00:00+00:00
[2024-08-04T13:14:07.932+0000] {processor.py:183} INFO - Processing /opt/airflow/dags/export_multiple_dbs_to_s3_dag .py took 0.778 seconds
[2024-08-04T13:14:38.657+0000] {processor.py:161} INFO - Started process (PID=443) to work on /opt/airflow/dags/export_multiple_dbs_to_s3_dag .py
[2024-08-04T13:14:38.659+0000] {processor.py:830} INFO - Processing file /opt/airflow/dags/export_multiple_dbs_to_s3_dag .py for tasks to queue
[2024-08-04T13:14:38.661+0000] {logging_mixin.py:188} INFO - [2024-08-04T13:14:38.661+0000] {dagbag.py:545} INFO - Filling up the DagBag from /opt/airflow/dags/export_multiple_dbs_to_s3_dag .py
[2024-08-04T13:14:39.405+0000] {processor.py:840} INFO - DAG(s) 'export_multiple_dbs_to_s3_dag' retrieved from /opt/airflow/dags/export_multiple_dbs_to_s3_dag .py
[2024-08-04T13:14:39.423+0000] {logging_mixin.py:188} INFO - [2024-08-04T13:14:39.423+0000] {dag.py:3089} INFO - Sync 1 DAGs
[2024-08-04T13:14:39.455+0000] {logging_mixin.py:188} INFO - [2024-08-04T13:14:39.455+0000] {dag.py:3947} INFO - Setting next_dagrun for export_multiple_dbs_to_s3_dag to 2024-08-04 00:00:00+00:00, run_after=2024-08-05 00:00:00+00:00
[2024-08-04T13:14:39.477+0000] {processor.py:183} INFO - Processing /opt/airflow/dags/export_multiple_dbs_to_s3_dag .py took 0.826 seconds
[2024-08-04T13:15:07.304+0000] {processor.py:161} INFO - Started process (PID=494) to work on /opt/airflow/dags/export_multiple_dbs_to_s3_dag .py
[2024-08-04T13:15:07.306+0000] {processor.py:830} INFO - Processing file /opt/airflow/dags/export_multiple_dbs_to_s3_dag .py for tasks to queue
[2024-08-04T13:15:07.308+0000] {logging_mixin.py:188} INFO - [2024-08-04T13:15:07.308+0000] {dagbag.py:545} INFO - Filling up the DagBag from /opt/airflow/dags/export_multiple_dbs_to_s3_dag .py
[2024-08-04T13:15:07.960+0000] {processor.py:840} INFO - DAG(s) 'export_multiple_dbs_to_s3_dag' retrieved from /opt/airflow/dags/export_multiple_dbs_to_s3_dag .py
[2024-08-04T13:15:08.044+0000] {logging_mixin.py:188} INFO - [2024-08-04T13:15:08.043+0000] {dag.py:3089} INFO - Sync 1 DAGs
[2024-08-04T13:15:08.062+0000] {logging_mixin.py:188} INFO - [2024-08-04T13:15:08.061+0000] {dag.py:3947} INFO - Setting next_dagrun for export_multiple_dbs_to_s3_dag to 2024-08-04 00:00:00+00:00, run_after=2024-08-05 00:00:00+00:00
[2024-08-04T13:15:08.085+0000] {processor.py:183} INFO - Processing /opt/airflow/dags/export_multiple_dbs_to_s3_dag .py took 0.789 seconds
[2024-08-04T13:15:38.231+0000] {processor.py:161} INFO - Started process (PID=561) to work on /opt/airflow/dags/export_multiple_dbs_to_s3_dag .py
[2024-08-04T13:15:38.232+0000] {processor.py:830} INFO - Processing file /opt/airflow/dags/export_multiple_dbs_to_s3_dag .py for tasks to queue
[2024-08-04T13:15:38.235+0000] {logging_mixin.py:188} INFO - [2024-08-04T13:15:38.234+0000] {dagbag.py:545} INFO - Filling up the DagBag from /opt/airflow/dags/export_multiple_dbs_to_s3_dag .py
[2024-08-04T13:15:38.877+0000] {processor.py:840} INFO - DAG(s) 'export_multiple_dbs_to_s3_dag' retrieved from /opt/airflow/dags/export_multiple_dbs_to_s3_dag .py
[2024-08-04T13:15:38.919+0000] {logging_mixin.py:188} INFO - [2024-08-04T13:15:38.919+0000] {dag.py:3089} INFO - Sync 1 DAGs
[2024-08-04T13:15:38.937+0000] {logging_mixin.py:188} INFO - [2024-08-04T13:15:38.937+0000] {dag.py:3947} INFO - Setting next_dagrun for export_multiple_dbs_to_s3_dag to 2024-08-04 00:00:00+00:00, run_after=2024-08-05 00:00:00+00:00
[2024-08-04T13:15:38.954+0000] {processor.py:183} INFO - Processing /opt/airflow/dags/export_multiple_dbs_to_s3_dag .py took 0.736 seconds
[2024-08-04T13:17:17.672+0000] {processor.py:161} INFO - Started process (PID=57) to work on /opt/airflow/dags/export_multiple_dbs_to_s3_dag .py
[2024-08-04T13:17:17.674+0000] {processor.py:830} INFO - Processing file /opt/airflow/dags/export_multiple_dbs_to_s3_dag .py for tasks to queue
[2024-08-04T13:17:17.677+0000] {logging_mixin.py:188} INFO - [2024-08-04T13:17:17.676+0000] {dagbag.py:545} INFO - Filling up the DagBag from /opt/airflow/dags/export_multiple_dbs_to_s3_dag .py
[2024-08-04T13:17:20.372+0000] {processor.py:840} INFO - DAG(s) 'export_multiple_dbs_to_s3_dag' retrieved from /opt/airflow/dags/export_multiple_dbs_to_s3_dag .py
[2024-08-04T13:17:20.584+0000] {logging_mixin.py:188} INFO - [2024-08-04T13:17:20.583+0000] {dag.py:3089} INFO - Sync 1 DAGs
[2024-08-04T13:17:20.624+0000] {logging_mixin.py:188} INFO - [2024-08-04T13:17:20.624+0000] {dag.py:3947} INFO - Setting next_dagrun for export_multiple_dbs_to_s3_dag to 2024-08-04 00:00:00+00:00, run_after=2024-08-05 00:00:00+00:00
[2024-08-04T13:17:20.662+0000] {processor.py:183} INFO - Processing /opt/airflow/dags/export_multiple_dbs_to_s3_dag .py took 2.998 seconds
[2024-08-04T13:17:51.413+0000] {processor.py:161} INFO - Started process (PID=130) to work on /opt/airflow/dags/export_multiple_dbs_to_s3_dag .py
[2024-08-04T13:17:51.414+0000] {processor.py:830} INFO - Processing file /opt/airflow/dags/export_multiple_dbs_to_s3_dag .py for tasks to queue
[2024-08-04T13:17:51.417+0000] {logging_mixin.py:188} INFO - [2024-08-04T13:17:51.416+0000] {dagbag.py:545} INFO - Filling up the DagBag from /opt/airflow/dags/export_multiple_dbs_to_s3_dag .py
[2024-08-04T13:17:52.550+0000] {processor.py:840} INFO - DAG(s) 'export_multiple_dbs_to_s3_dag' retrieved from /opt/airflow/dags/export_multiple_dbs_to_s3_dag .py
[2024-08-04T13:17:52.571+0000] {logging_mixin.py:188} INFO - [2024-08-04T13:17:52.570+0000] {dag.py:3089} INFO - Sync 1 DAGs
[2024-08-04T13:17:52.595+0000] {logging_mixin.py:188} INFO - [2024-08-04T13:17:52.595+0000] {dag.py:3947} INFO - Setting next_dagrun for export_multiple_dbs_to_s3_dag to 2024-08-04 00:00:00+00:00, run_after=2024-08-05 00:00:00+00:00
[2024-08-04T13:17:52.617+0000] {processor.py:183} INFO - Processing /opt/airflow/dags/export_multiple_dbs_to_s3_dag .py took 1.211 seconds
[2024-08-04T13:18:23.063+0000] {processor.py:161} INFO - Started process (PID=194) to work on /opt/airflow/dags/export_multiple_dbs_to_s3_dag .py
[2024-08-04T13:18:23.064+0000] {processor.py:830} INFO - Processing file /opt/airflow/dags/export_multiple_dbs_to_s3_dag .py for tasks to queue
[2024-08-04T13:18:23.066+0000] {logging_mixin.py:188} INFO - [2024-08-04T13:18:23.065+0000] {dagbag.py:545} INFO - Filling up the DagBag from /opt/airflow/dags/export_multiple_dbs_to_s3_dag .py
[2024-08-04T13:18:23.698+0000] {processor.py:840} INFO - DAG(s) 'export_multiple_dbs_to_s3_dag' retrieved from /opt/airflow/dags/export_multiple_dbs_to_s3_dag .py
[2024-08-04T13:18:23.718+0000] {logging_mixin.py:188} INFO - [2024-08-04T13:18:23.717+0000] {dag.py:3089} INFO - Sync 1 DAGs
[2024-08-04T13:18:23.743+0000] {logging_mixin.py:188} INFO - [2024-08-04T13:18:23.743+0000] {dag.py:3947} INFO - Setting next_dagrun for export_multiple_dbs_to_s3_dag to 2024-08-04 00:00:00+00:00, run_after=2024-08-05 00:00:00+00:00
[2024-08-04T13:18:23.769+0000] {processor.py:183} INFO - Processing /opt/airflow/dags/export_multiple_dbs_to_s3_dag .py took 0.712 seconds
[2024-08-04T13:18:54.097+0000] {processor.py:161} INFO - Started process (PID=259) to work on /opt/airflow/dags/export_multiple_dbs_to_s3_dag .py
[2024-08-04T13:18:54.098+0000] {processor.py:830} INFO - Processing file /opt/airflow/dags/export_multiple_dbs_to_s3_dag .py for tasks to queue
[2024-08-04T13:18:54.100+0000] {logging_mixin.py:188} INFO - [2024-08-04T13:18:54.099+0000] {dagbag.py:545} INFO - Filling up the DagBag from /opt/airflow/dags/export_multiple_dbs_to_s3_dag .py
[2024-08-04T13:18:54.797+0000] {processor.py:840} INFO - DAG(s) 'export_multiple_dbs_to_s3_dag' retrieved from /opt/airflow/dags/export_multiple_dbs_to_s3_dag .py
[2024-08-04T13:18:54.817+0000] {logging_mixin.py:188} INFO - [2024-08-04T13:18:54.816+0000] {dag.py:3089} INFO - Sync 1 DAGs
[2024-08-04T13:18:54.853+0000] {logging_mixin.py:188} INFO - [2024-08-04T13:18:54.852+0000] {dag.py:3947} INFO - Setting next_dagrun for export_multiple_dbs_to_s3_dag to 2024-08-04 00:00:00+00:00, run_after=2024-08-05 00:00:00+00:00
[2024-08-04T13:18:54.877+0000] {processor.py:183} INFO - Processing /opt/airflow/dags/export_multiple_dbs_to_s3_dag .py took 0.787 seconds
[2024-08-04T13:19:24.996+0000] {processor.py:161} INFO - Started process (PID=325) to work on /opt/airflow/dags/export_multiple_dbs_to_s3_dag .py
[2024-08-04T13:19:24.997+0000] {processor.py:830} INFO - Processing file /opt/airflow/dags/export_multiple_dbs_to_s3_dag .py for tasks to queue
[2024-08-04T13:19:24.999+0000] {logging_mixin.py:188} INFO - [2024-08-04T13:19:24.999+0000] {dagbag.py:545} INFO - Filling up the DagBag from /opt/airflow/dags/export_multiple_dbs_to_s3_dag .py
[2024-08-04T13:19:25.589+0000] {processor.py:840} INFO - DAG(s) 'export_multiple_dbs_to_s3_dag' retrieved from /opt/airflow/dags/export_multiple_dbs_to_s3_dag .py
[2024-08-04T13:19:25.603+0000] {logging_mixin.py:188} INFO - [2024-08-04T13:19:25.603+0000] {dag.py:3089} INFO - Sync 1 DAGs
[2024-08-04T13:19:25.620+0000] {logging_mixin.py:188} INFO - [2024-08-04T13:19:25.619+0000] {dag.py:3947} INFO - Setting next_dagrun for export_multiple_dbs_to_s3_dag to 2024-08-04 00:00:00+00:00, run_after=2024-08-05 00:00:00+00:00
[2024-08-04T13:19:25.635+0000] {processor.py:183} INFO - Processing /opt/airflow/dags/export_multiple_dbs_to_s3_dag .py took 0.646 seconds
[2024-08-04T13:19:56.351+0000] {processor.py:161} INFO - Started process (PID=385) to work on /opt/airflow/dags/export_multiple_dbs_to_s3_dag .py
[2024-08-04T13:19:56.352+0000] {processor.py:830} INFO - Processing file /opt/airflow/dags/export_multiple_dbs_to_s3_dag .py for tasks to queue
[2024-08-04T13:19:56.354+0000] {logging_mixin.py:188} INFO - [2024-08-04T13:19:56.354+0000] {dagbag.py:545} INFO - Filling up the DagBag from /opt/airflow/dags/export_multiple_dbs_to_s3_dag .py
[2024-08-04T13:19:57.234+0000] {processor.py:840} INFO - DAG(s) 'export_multiple_dbs_to_s3_dag' retrieved from /opt/airflow/dags/export_multiple_dbs_to_s3_dag .py
[2024-08-04T13:19:57.268+0000] {logging_mixin.py:188} INFO - [2024-08-04T13:19:57.267+0000] {dag.py:3089} INFO - Sync 1 DAGs
[2024-08-04T13:19:57.309+0000] {logging_mixin.py:188} INFO - [2024-08-04T13:19:57.309+0000] {dag.py:3947} INFO - Setting next_dagrun for export_multiple_dbs_to_s3_dag to 2024-08-04 00:00:00+00:00, run_after=2024-08-05 00:00:00+00:00
[2024-08-04T13:19:57.333+0000] {processor.py:183} INFO - Processing /opt/airflow/dags/export_multiple_dbs_to_s3_dag .py took 0.988 seconds
[2024-08-04T13:20:27.923+0000] {processor.py:161} INFO - Started process (PID=448) to work on /opt/airflow/dags/export_multiple_dbs_to_s3_dag .py
[2024-08-04T13:20:27.924+0000] {processor.py:830} INFO - Processing file /opt/airflow/dags/export_multiple_dbs_to_s3_dag .py for tasks to queue
[2024-08-04T13:20:27.926+0000] {logging_mixin.py:188} INFO - [2024-08-04T13:20:27.926+0000] {dagbag.py:545} INFO - Filling up the DagBag from /opt/airflow/dags/export_multiple_dbs_to_s3_dag .py
[2024-08-04T13:20:28.999+0000] {processor.py:840} INFO - DAG(s) 'export_multiple_dbs_to_s3_dag' retrieved from /opt/airflow/dags/export_multiple_dbs_to_s3_dag .py
[2024-08-04T13:20:29.020+0000] {logging_mixin.py:188} INFO - [2024-08-04T13:20:29.018+0000] {dag.py:3089} INFO - Sync 1 DAGs
[2024-08-04T13:20:29.049+0000] {logging_mixin.py:188} INFO - [2024-08-04T13:20:29.049+0000] {dag.py:3947} INFO - Setting next_dagrun for export_multiple_dbs_to_s3_dag to 2024-08-04 00:00:00+00:00, run_after=2024-08-05 00:00:00+00:00
[2024-08-04T13:20:29.076+0000] {processor.py:183} INFO - Processing /opt/airflow/dags/export_multiple_dbs_to_s3_dag .py took 1.160 seconds
[2024-08-04T13:20:59.135+0000] {processor.py:161} INFO - Started process (PID=509) to work on /opt/airflow/dags/export_multiple_dbs_to_s3_dag .py
[2024-08-04T13:20:59.136+0000] {processor.py:830} INFO - Processing file /opt/airflow/dags/export_multiple_dbs_to_s3_dag .py for tasks to queue
[2024-08-04T13:20:59.138+0000] {logging_mixin.py:188} INFO - [2024-08-04T13:20:59.137+0000] {dagbag.py:545} INFO - Filling up the DagBag from /opt/airflow/dags/export_multiple_dbs_to_s3_dag .py
[2024-08-04T13:20:59.696+0000] {processor.py:840} INFO - DAG(s) 'export_multiple_dbs_to_s3_dag' retrieved from /opt/airflow/dags/export_multiple_dbs_to_s3_dag .py
[2024-08-04T13:20:59.720+0000] {logging_mixin.py:188} INFO - [2024-08-04T13:20:59.720+0000] {dag.py:3089} INFO - Sync 1 DAGs
[2024-08-04T13:20:59.739+0000] {logging_mixin.py:188} INFO - [2024-08-04T13:20:59.739+0000] {dag.py:3947} INFO - Setting next_dagrun for export_multiple_dbs_to_s3_dag to 2024-08-04 00:00:00+00:00, run_after=2024-08-05 00:00:00+00:00
[2024-08-04T13:20:59.755+0000] {processor.py:183} INFO - Processing /opt/airflow/dags/export_multiple_dbs_to_s3_dag .py took 0.626 seconds
[2024-08-04T13:21:29.814+0000] {processor.py:161} INFO - Started process (PID=574) to work on /opt/airflow/dags/export_multiple_dbs_to_s3_dag .py
[2024-08-04T13:21:29.815+0000] {processor.py:830} INFO - Processing file /opt/airflow/dags/export_multiple_dbs_to_s3_dag .py for tasks to queue
[2024-08-04T13:21:29.817+0000] {logging_mixin.py:188} INFO - [2024-08-04T13:21:29.817+0000] {dagbag.py:545} INFO - Filling up the DagBag from /opt/airflow/dags/export_multiple_dbs_to_s3_dag .py
[2024-08-04T13:21:30.441+0000] {processor.py:840} INFO - DAG(s) 'export_multiple_dbs_to_s3_dag' retrieved from /opt/airflow/dags/export_multiple_dbs_to_s3_dag .py
[2024-08-04T13:21:30.464+0000] {logging_mixin.py:188} INFO - [2024-08-04T13:21:30.464+0000] {dag.py:3089} INFO - Sync 1 DAGs
[2024-08-04T13:21:30.483+0000] {logging_mixin.py:188} INFO - [2024-08-04T13:21:30.482+0000] {dag.py:3947} INFO - Setting next_dagrun for export_multiple_dbs_to_s3_dag to 2024-08-04 00:00:00+00:00, run_after=2024-08-05 00:00:00+00:00
[2024-08-04T13:21:30.503+0000] {processor.py:183} INFO - Processing /opt/airflow/dags/export_multiple_dbs_to_s3_dag .py took 0.695 seconds
[2024-08-04T13:22:00.594+0000] {processor.py:161} INFO - Started process (PID=639) to work on /opt/airflow/dags/export_multiple_dbs_to_s3_dag .py
[2024-08-04T13:22:00.595+0000] {processor.py:830} INFO - Processing file /opt/airflow/dags/export_multiple_dbs_to_s3_dag .py for tasks to queue
[2024-08-04T13:22:00.598+0000] {logging_mixin.py:188} INFO - [2024-08-04T13:22:00.598+0000] {dagbag.py:545} INFO - Filling up the DagBag from /opt/airflow/dags/export_multiple_dbs_to_s3_dag .py
[2024-08-04T13:22:01.344+0000] {processor.py:840} INFO - DAG(s) 'export_multiple_dbs_to_s3_dag' retrieved from /opt/airflow/dags/export_multiple_dbs_to_s3_dag .py
[2024-08-04T13:22:01.373+0000] {logging_mixin.py:188} INFO - [2024-08-04T13:22:01.372+0000] {dag.py:3089} INFO - Sync 1 DAGs
[2024-08-04T13:22:01.395+0000] {logging_mixin.py:188} INFO - [2024-08-04T13:22:01.395+0000] {dag.py:3947} INFO - Setting next_dagrun for export_multiple_dbs_to_s3_dag to 2024-08-04 00:00:00+00:00, run_after=2024-08-05 00:00:00+00:00
[2024-08-04T13:22:01.414+0000] {processor.py:183} INFO - Processing /opt/airflow/dags/export_multiple_dbs_to_s3_dag .py took 0.828 seconds
[2024-08-04T13:22:32.036+0000] {processor.py:161} INFO - Started process (PID=701) to work on /opt/airflow/dags/export_multiple_dbs_to_s3_dag .py
[2024-08-04T13:22:32.037+0000] {processor.py:830} INFO - Processing file /opt/airflow/dags/export_multiple_dbs_to_s3_dag .py for tasks to queue
[2024-08-04T13:22:32.039+0000] {logging_mixin.py:188} INFO - [2024-08-04T13:22:32.038+0000] {dagbag.py:545} INFO - Filling up the DagBag from /opt/airflow/dags/export_multiple_dbs_to_s3_dag .py
[2024-08-04T13:22:32.695+0000] {processor.py:840} INFO - DAG(s) 'export_multiple_dbs_to_s3_dag' retrieved from /opt/airflow/dags/export_multiple_dbs_to_s3_dag .py
[2024-08-04T13:22:32.721+0000] {logging_mixin.py:188} INFO - [2024-08-04T13:22:32.720+0000] {dag.py:3089} INFO - Sync 1 DAGs
[2024-08-04T13:22:32.739+0000] {logging_mixin.py:188} INFO - [2024-08-04T13:22:32.739+0000] {dag.py:3947} INFO - Setting next_dagrun for export_multiple_dbs_to_s3_dag to 2024-08-04 00:00:00+00:00, run_after=2024-08-05 00:00:00+00:00
[2024-08-04T13:22:32.755+0000] {processor.py:183} INFO - Processing /opt/airflow/dags/export_multiple_dbs_to_s3_dag .py took 0.727 seconds
[2024-08-04T13:23:03.306+0000] {processor.py:161} INFO - Started process (PID=761) to work on /opt/airflow/dags/export_multiple_dbs_to_s3_dag .py
[2024-08-04T13:23:03.307+0000] {processor.py:830} INFO - Processing file /opt/airflow/dags/export_multiple_dbs_to_s3_dag .py for tasks to queue
[2024-08-04T13:23:03.309+0000] {logging_mixin.py:188} INFO - [2024-08-04T13:23:03.309+0000] {dagbag.py:545} INFO - Filling up the DagBag from /opt/airflow/dags/export_multiple_dbs_to_s3_dag .py
[2024-08-04T13:23:03.897+0000] {processor.py:840} INFO - DAG(s) 'export_multiple_dbs_to_s3_dag' retrieved from /opt/airflow/dags/export_multiple_dbs_to_s3_dag .py
[2024-08-04T13:23:03.915+0000] {logging_mixin.py:188} INFO - [2024-08-04T13:23:03.915+0000] {dag.py:3089} INFO - Sync 1 DAGs
[2024-08-04T13:23:03.954+0000] {logging_mixin.py:188} INFO - [2024-08-04T13:23:03.954+0000] {dag.py:3947} INFO - Setting next_dagrun for export_multiple_dbs_to_s3_dag to 2024-08-04 00:00:00+00:00, run_after=2024-08-05 00:00:00+00:00
[2024-08-04T13:23:03.985+0000] {processor.py:183} INFO - Processing /opt/airflow/dags/export_multiple_dbs_to_s3_dag .py took 0.684 seconds
[2024-08-04T13:23:34.131+0000] {processor.py:161} INFO - Started process (PID=824) to work on /opt/airflow/dags/export_multiple_dbs_to_s3_dag .py
[2024-08-04T13:23:34.132+0000] {processor.py:830} INFO - Processing file /opt/airflow/dags/export_multiple_dbs_to_s3_dag .py for tasks to queue
[2024-08-04T13:23:34.134+0000] {logging_mixin.py:188} INFO - [2024-08-04T13:23:34.133+0000] {dagbag.py:545} INFO - Filling up the DagBag from /opt/airflow/dags/export_multiple_dbs_to_s3_dag .py
[2024-08-04T13:23:34.816+0000] {processor.py:840} INFO - DAG(s) 'export_multiple_dbs_to_s3_dag' retrieved from /opt/airflow/dags/export_multiple_dbs_to_s3_dag .py
[2024-08-04T13:23:34.833+0000] {logging_mixin.py:188} INFO - [2024-08-04T13:23:34.832+0000] {dag.py:3089} INFO - Sync 1 DAGs
[2024-08-04T13:23:34.862+0000] {logging_mixin.py:188} INFO - [2024-08-04T13:23:34.862+0000] {dag.py:3947} INFO - Setting next_dagrun for export_multiple_dbs_to_s3_dag to 2024-08-04 00:00:00+00:00, run_after=2024-08-05 00:00:00+00:00
[2024-08-04T13:23:34.881+0000] {processor.py:183} INFO - Processing /opt/airflow/dags/export_multiple_dbs_to_s3_dag .py took 0.756 seconds
[2024-08-04T13:24:04.947+0000] {processor.py:161} INFO - Started process (PID=889) to work on /opt/airflow/dags/export_multiple_dbs_to_s3_dag .py
[2024-08-04T13:24:04.948+0000] {processor.py:830} INFO - Processing file /opt/airflow/dags/export_multiple_dbs_to_s3_dag .py for tasks to queue
[2024-08-04T13:24:04.950+0000] {logging_mixin.py:188} INFO - [2024-08-04T13:24:04.949+0000] {dagbag.py:545} INFO - Filling up the DagBag from /opt/airflow/dags/export_multiple_dbs_to_s3_dag .py
[2024-08-04T13:24:05.561+0000] {processor.py:840} INFO - DAG(s) 'export_multiple_dbs_to_s3_dag' retrieved from /opt/airflow/dags/export_multiple_dbs_to_s3_dag .py
[2024-08-04T13:24:05.577+0000] {logging_mixin.py:188} INFO - [2024-08-04T13:24:05.577+0000] {dag.py:3089} INFO - Sync 1 DAGs
[2024-08-04T13:24:05.598+0000] {logging_mixin.py:188} INFO - [2024-08-04T13:24:05.598+0000] {dag.py:3947} INFO - Setting next_dagrun for export_multiple_dbs_to_s3_dag to 2024-08-04 00:00:00+00:00, run_after=2024-08-05 00:00:00+00:00
[2024-08-04T13:24:05.616+0000] {processor.py:183} INFO - Processing /opt/airflow/dags/export_multiple_dbs_to_s3_dag .py took 0.674 seconds
[2024-08-04T13:24:35.746+0000] {processor.py:161} INFO - Started process (PID=956) to work on /opt/airflow/dags/export_multiple_dbs_to_s3_dag .py
[2024-08-04T13:24:35.747+0000] {processor.py:830} INFO - Processing file /opt/airflow/dags/export_multiple_dbs_to_s3_dag .py for tasks to queue
[2024-08-04T13:24:35.749+0000] {logging_mixin.py:188} INFO - [2024-08-04T13:24:35.749+0000] {dagbag.py:545} INFO - Filling up the DagBag from /opt/airflow/dags/export_multiple_dbs_to_s3_dag .py
[2024-08-04T13:24:36.302+0000] {processor.py:840} INFO - DAG(s) 'export_multiple_dbs_to_s3_dag' retrieved from /opt/airflow/dags/export_multiple_dbs_to_s3_dag .py
[2024-08-04T13:24:36.317+0000] {logging_mixin.py:188} INFO - [2024-08-04T13:24:36.317+0000] {dag.py:3089} INFO - Sync 1 DAGs
[2024-08-04T13:24:36.336+0000] {logging_mixin.py:188} INFO - [2024-08-04T13:24:36.336+0000] {dag.py:3947} INFO - Setting next_dagrun for export_multiple_dbs_to_s3_dag to 2024-08-04 00:00:00+00:00, run_after=2024-08-05 00:00:00+00:00
[2024-08-04T13:24:36.356+0000] {processor.py:183} INFO - Processing /opt/airflow/dags/export_multiple_dbs_to_s3_dag .py took 0.617 seconds
[2024-08-04T13:25:06.427+0000] {processor.py:161} INFO - Started process (PID=1016) to work on /opt/airflow/dags/export_multiple_dbs_to_s3_dag .py
[2024-08-04T13:25:06.429+0000] {processor.py:830} INFO - Processing file /opt/airflow/dags/export_multiple_dbs_to_s3_dag .py for tasks to queue
[2024-08-04T13:25:06.431+0000] {logging_mixin.py:188} INFO - [2024-08-04T13:25:06.430+0000] {dagbag.py:545} INFO - Filling up the DagBag from /opt/airflow/dags/export_multiple_dbs_to_s3_dag .py
[2024-08-04T13:25:07.241+0000] {processor.py:840} INFO - DAG(s) 'export_multiple_dbs_to_s3_dag' retrieved from /opt/airflow/dags/export_multiple_dbs_to_s3_dag .py
[2024-08-04T13:25:07.263+0000] {logging_mixin.py:188} INFO - [2024-08-04T13:25:07.262+0000] {dag.py:3089} INFO - Sync 1 DAGs
[2024-08-04T13:25:07.291+0000] {logging_mixin.py:188} INFO - [2024-08-04T13:25:07.291+0000] {dag.py:3947} INFO - Setting next_dagrun for export_multiple_dbs_to_s3_dag to 2024-08-04 00:00:00+00:00, run_after=2024-08-05 00:00:00+00:00
[2024-08-04T13:25:07.318+0000] {processor.py:183} INFO - Processing /opt/airflow/dags/export_multiple_dbs_to_s3_dag .py took 0.897 seconds
[2024-08-04T13:25:38.076+0000] {processor.py:161} INFO - Started process (PID=1076) to work on /opt/airflow/dags/export_multiple_dbs_to_s3_dag .py
[2024-08-04T13:25:38.077+0000] {processor.py:830} INFO - Processing file /opt/airflow/dags/export_multiple_dbs_to_s3_dag .py for tasks to queue
[2024-08-04T13:25:38.079+0000] {logging_mixin.py:188} INFO - [2024-08-04T13:25:38.079+0000] {dagbag.py:545} INFO - Filling up the DagBag from /opt/airflow/dags/export_multiple_dbs_to_s3_dag .py
[2024-08-04T13:25:38.652+0000] {processor.py:840} INFO - DAG(s) 'export_multiple_dbs_to_s3_dag' retrieved from /opt/airflow/dags/export_multiple_dbs_to_s3_dag .py
[2024-08-04T13:25:38.668+0000] {logging_mixin.py:188} INFO - [2024-08-04T13:25:38.668+0000] {dag.py:3089} INFO - Sync 1 DAGs
[2024-08-04T13:25:38.686+0000] {logging_mixin.py:188} INFO - [2024-08-04T13:25:38.686+0000] {dag.py:3947} INFO - Setting next_dagrun for export_multiple_dbs_to_s3_dag to 2024-08-04 00:00:00+00:00, run_after=2024-08-05 00:00:00+00:00
[2024-08-04T13:25:38.707+0000] {processor.py:183} INFO - Processing /opt/airflow/dags/export_multiple_dbs_to_s3_dag .py took 0.636 seconds
[2024-08-04T13:25:42.610+0000] {processor.py:161} INFO - Started process (PID=1080) to work on /opt/airflow/dags/export_multiple_dbs_to_s3_dag .py
[2024-08-04T13:25:42.612+0000] {processor.py:830} INFO - Processing file /opt/airflow/dags/export_multiple_dbs_to_s3_dag .py for tasks to queue
[2024-08-04T13:25:42.614+0000] {logging_mixin.py:188} INFO - [2024-08-04T13:25:42.613+0000] {dagbag.py:545} INFO - Filling up the DagBag from /opt/airflow/dags/export_multiple_dbs_to_s3_dag .py
[2024-08-04T13:25:43.218+0000] {processor.py:840} INFO - DAG(s) 'export_multiple_dbs_to_s3_dag' retrieved from /opt/airflow/dags/export_multiple_dbs_to_s3_dag .py
[2024-08-04T13:25:43.233+0000] {logging_mixin.py:188} INFO - [2024-08-04T13:25:43.232+0000] {dag.py:3089} INFO - Sync 1 DAGs
[2024-08-04T13:25:43.251+0000] {logging_mixin.py:188} INFO - [2024-08-04T13:25:43.251+0000] {dag.py:3947} INFO - Setting next_dagrun for export_multiple_dbs_to_s3_dag to 2024-08-04 00:00:00+00:00, run_after=2024-08-05 00:00:00+00:00
[2024-08-04T13:25:43.276+0000] {processor.py:183} INFO - Processing /opt/airflow/dags/export_multiple_dbs_to_s3_dag .py took 0.674 seconds
[2024-08-04T13:25:47.159+0000] {processor.py:161} INFO - Started process (PID=1082) to work on /opt/airflow/dags/export_multiple_dbs_to_s3_dag .py
[2024-08-04T13:25:47.160+0000] {processor.py:830} INFO - Processing file /opt/airflow/dags/export_multiple_dbs_to_s3_dag .py for tasks to queue
[2024-08-04T13:25:47.162+0000] {logging_mixin.py:188} INFO - [2024-08-04T13:25:47.162+0000] {dagbag.py:545} INFO - Filling up the DagBag from /opt/airflow/dags/export_multiple_dbs_to_s3_dag .py
[2024-08-04T13:25:47.743+0000] {processor.py:840} INFO - DAG(s) 'export_multiple_dbs_to_s3_dag' retrieved from /opt/airflow/dags/export_multiple_dbs_to_s3_dag .py
[2024-08-04T13:25:47.759+0000] {logging_mixin.py:188} INFO - [2024-08-04T13:25:47.758+0000] {dag.py:3089} INFO - Sync 1 DAGs
[2024-08-04T13:25:47.777+0000] {logging_mixin.py:188} INFO - [2024-08-04T13:25:47.776+0000] {dag.py:3947} INFO - Setting next_dagrun for export_multiple_dbs_to_s3_dag to 2024-08-04 00:00:00+00:00, run_after=2024-08-05 00:00:00+00:00
[2024-08-04T13:25:47.802+0000] {processor.py:183} INFO - Processing /opt/airflow/dags/export_multiple_dbs_to_s3_dag .py took 0.648 seconds
[2024-08-04T13:25:53.391+0000] {processor.py:161} INFO - Started process (PID=1090) to work on /opt/airflow/dags/export_multiple_dbs_to_s3_dag .py
[2024-08-04T13:25:53.392+0000] {processor.py:830} INFO - Processing file /opt/airflow/dags/export_multiple_dbs_to_s3_dag .py for tasks to queue
[2024-08-04T13:25:53.396+0000] {logging_mixin.py:188} INFO - [2024-08-04T13:25:53.395+0000] {dagbag.py:545} INFO - Filling up the DagBag from /opt/airflow/dags/export_multiple_dbs_to_s3_dag .py
[2024-08-04T13:25:53.964+0000] {processor.py:840} INFO - DAG(s) 'export_multiple_dbs_to_s3_dag' retrieved from /opt/airflow/dags/export_multiple_dbs_to_s3_dag .py
[2024-08-04T13:25:53.987+0000] {logging_mixin.py:188} INFO - [2024-08-04T13:25:53.986+0000] {dag.py:3089} INFO - Sync 1 DAGs
[2024-08-04T13:25:54.011+0000] {logging_mixin.py:188} INFO - [2024-08-04T13:25:54.011+0000] {dag.py:3947} INFO - Setting next_dagrun for export_multiple_dbs_to_s3_dag to 2024-08-04 00:00:00+00:00, run_after=2024-08-05 00:00:00+00:00
[2024-08-04T13:25:54.038+0000] {processor.py:183} INFO - Processing /opt/airflow/dags/export_multiple_dbs_to_s3_dag .py took 0.652 seconds
[2024-08-04T13:26:24.469+0000] {processor.py:161} INFO - Started process (PID=1150) to work on /opt/airflow/dags/export_multiple_dbs_to_s3_dag .py
[2024-08-04T13:26:24.471+0000] {processor.py:830} INFO - Processing file /opt/airflow/dags/export_multiple_dbs_to_s3_dag .py for tasks to queue
[2024-08-04T13:26:24.474+0000] {logging_mixin.py:188} INFO - [2024-08-04T13:26:24.474+0000] {dagbag.py:545} INFO - Filling up the DagBag from /opt/airflow/dags/export_multiple_dbs_to_s3_dag .py
[2024-08-04T13:26:25.359+0000] {processor.py:840} INFO - DAG(s) 'export_multiple_dbs_to_s3_dag' retrieved from /opt/airflow/dags/export_multiple_dbs_to_s3_dag .py
[2024-08-04T13:26:25.380+0000] {logging_mixin.py:188} INFO - [2024-08-04T13:26:25.379+0000] {dag.py:3089} INFO - Sync 1 DAGs
[2024-08-04T13:26:25.407+0000] {logging_mixin.py:188} INFO - [2024-08-04T13:26:25.407+0000] {dag.py:3947} INFO - Setting next_dagrun for export_multiple_dbs_to_s3_dag to 2024-08-04 00:00:00+00:00, run_after=2024-08-05 00:00:00+00:00
[2024-08-04T13:26:25.434+0000] {processor.py:183} INFO - Processing /opt/airflow/dags/export_multiple_dbs_to_s3_dag .py took 0.971 seconds
[2024-08-04T13:26:55.704+0000] {processor.py:161} INFO - Started process (PID=1210) to work on /opt/airflow/dags/export_multiple_dbs_to_s3_dag .py
[2024-08-04T13:26:55.705+0000] {processor.py:830} INFO - Processing file /opt/airflow/dags/export_multiple_dbs_to_s3_dag .py for tasks to queue
[2024-08-04T13:26:55.707+0000] {logging_mixin.py:188} INFO - [2024-08-04T13:26:55.706+0000] {dagbag.py:545} INFO - Filling up the DagBag from /opt/airflow/dags/export_multiple_dbs_to_s3_dag .py
[2024-08-04T13:26:56.339+0000] {processor.py:840} INFO - DAG(s) 'export_multiple_dbs_to_s3_dag' retrieved from /opt/airflow/dags/export_multiple_dbs_to_s3_dag .py
[2024-08-04T13:26:56.356+0000] {logging_mixin.py:188} INFO - [2024-08-04T13:26:56.356+0000] {dag.py:3089} INFO - Sync 1 DAGs
[2024-08-04T13:26:56.377+0000] {logging_mixin.py:188} INFO - [2024-08-04T13:26:56.377+0000] {dag.py:3947} INFO - Setting next_dagrun for export_multiple_dbs_to_s3_dag to 2024-08-04 00:00:00+00:00, run_after=2024-08-05 00:00:00+00:00
[2024-08-04T13:26:56.393+0000] {processor.py:183} INFO - Processing /opt/airflow/dags/export_multiple_dbs_to_s3_dag .py took 0.695 seconds
[2024-08-04T13:27:26.709+0000] {processor.py:161} INFO - Started process (PID=1270) to work on /opt/airflow/dags/export_multiple_dbs_to_s3_dag .py
[2024-08-04T13:27:26.711+0000] {processor.py:830} INFO - Processing file /opt/airflow/dags/export_multiple_dbs_to_s3_dag .py for tasks to queue
[2024-08-04T13:27:26.714+0000] {logging_mixin.py:188} INFO - [2024-08-04T13:27:26.714+0000] {dagbag.py:545} INFO - Filling up the DagBag from /opt/airflow/dags/export_multiple_dbs_to_s3_dag .py
[2024-08-04T13:27:27.361+0000] {processor.py:840} INFO - DAG(s) 'export_multiple_dbs_to_s3_dag' retrieved from /opt/airflow/dags/export_multiple_dbs_to_s3_dag .py
[2024-08-04T13:27:27.375+0000] {logging_mixin.py:188} INFO - [2024-08-04T13:27:27.375+0000] {dag.py:3089} INFO - Sync 1 DAGs
[2024-08-04T13:27:27.393+0000] {logging_mixin.py:188} INFO - [2024-08-04T13:27:27.393+0000] {dag.py:3947} INFO - Setting next_dagrun for export_multiple_dbs_to_s3_dag to 2024-08-04 00:00:00+00:00, run_after=2024-08-05 00:00:00+00:00
[2024-08-04T13:27:27.412+0000] {processor.py:183} INFO - Processing /opt/airflow/dags/export_multiple_dbs_to_s3_dag .py took 0.710 seconds
[2024-08-04T13:27:58.242+0000] {processor.py:161} INFO - Started process (PID=1333) to work on /opt/airflow/dags/export_multiple_dbs_to_s3_dag .py
[2024-08-04T13:27:58.243+0000] {processor.py:830} INFO - Processing file /opt/airflow/dags/export_multiple_dbs_to_s3_dag .py for tasks to queue
[2024-08-04T13:27:58.244+0000] {logging_mixin.py:188} INFO - [2024-08-04T13:27:58.244+0000] {dagbag.py:545} INFO - Filling up the DagBag from /opt/airflow/dags/export_multiple_dbs_to_s3_dag .py
[2024-08-04T13:27:58.851+0000] {processor.py:840} INFO - DAG(s) 'export_multiple_dbs_to_s3_dag' retrieved from /opt/airflow/dags/export_multiple_dbs_to_s3_dag .py
[2024-08-04T13:27:58.866+0000] {logging_mixin.py:188} INFO - [2024-08-04T13:27:58.865+0000] {dag.py:3089} INFO - Sync 1 DAGs
[2024-08-04T13:27:58.883+0000] {logging_mixin.py:188} INFO - [2024-08-04T13:27:58.882+0000] {dag.py:3947} INFO - Setting next_dagrun for export_multiple_dbs_to_s3_dag to 2024-08-04 00:00:00+00:00, run_after=2024-08-05 00:00:00+00:00
[2024-08-04T13:27:58.901+0000] {processor.py:183} INFO - Processing /opt/airflow/dags/export_multiple_dbs_to_s3_dag .py took 0.664 seconds
[2024-08-04T13:28:29.704+0000] {processor.py:161} INFO - Started process (PID=1395) to work on /opt/airflow/dags/export_multiple_dbs_to_s3_dag .py
[2024-08-04T13:28:29.706+0000] {processor.py:830} INFO - Processing file /opt/airflow/dags/export_multiple_dbs_to_s3_dag .py for tasks to queue
[2024-08-04T13:28:29.708+0000] {logging_mixin.py:188} INFO - [2024-08-04T13:28:29.708+0000] {dagbag.py:545} INFO - Filling up the DagBag from /opt/airflow/dags/export_multiple_dbs_to_s3_dag .py
[2024-08-04T13:28:30.384+0000] {processor.py:840} INFO - DAG(s) 'export_multiple_dbs_to_s3_dag' retrieved from /opt/airflow/dags/export_multiple_dbs_to_s3_dag .py
[2024-08-04T13:28:30.400+0000] {logging_mixin.py:188} INFO - [2024-08-04T13:28:30.400+0000] {dag.py:3089} INFO - Sync 1 DAGs
[2024-08-04T13:28:30.419+0000] {logging_mixin.py:188} INFO - [2024-08-04T13:28:30.419+0000] {dag.py:3947} INFO - Setting next_dagrun for export_multiple_dbs_to_s3_dag to 2024-08-04 00:00:00+00:00, run_after=2024-08-05 00:00:00+00:00
[2024-08-04T13:28:30.441+0000] {processor.py:183} INFO - Processing /opt/airflow/dags/export_multiple_dbs_to_s3_dag .py took 0.743 seconds
[2024-08-04T13:29:00.583+0000] {processor.py:161} INFO - Started process (PID=1460) to work on /opt/airflow/dags/export_multiple_dbs_to_s3_dag .py
[2024-08-04T13:29:00.584+0000] {processor.py:830} INFO - Processing file /opt/airflow/dags/export_multiple_dbs_to_s3_dag .py for tasks to queue
[2024-08-04T13:29:00.586+0000] {logging_mixin.py:188} INFO - [2024-08-04T13:29:00.585+0000] {dagbag.py:545} INFO - Filling up the DagBag from /opt/airflow/dags/export_multiple_dbs_to_s3_dag .py
[2024-08-04T13:29:01.250+0000] {processor.py:840} INFO - DAG(s) 'export_multiple_dbs_to_s3_dag' retrieved from /opt/airflow/dags/export_multiple_dbs_to_s3_dag .py
[2024-08-04T13:29:01.269+0000] {logging_mixin.py:188} INFO - [2024-08-04T13:29:01.269+0000] {dag.py:3089} INFO - Sync 1 DAGs
[2024-08-04T13:29:01.306+0000] {logging_mixin.py:188} INFO - [2024-08-04T13:29:01.306+0000] {dag.py:3947} INFO - Setting next_dagrun for export_multiple_dbs_to_s3_dag to 2024-08-04 00:00:00+00:00, run_after=2024-08-05 00:00:00+00:00
[2024-08-04T13:29:01.324+0000] {processor.py:183} INFO - Processing /opt/airflow/dags/export_multiple_dbs_to_s3_dag .py took 0.746 seconds
[2024-08-04T13:29:31.959+0000] {processor.py:161} INFO - Started process (PID=1520) to work on /opt/airflow/dags/export_multiple_dbs_to_s3_dag .py
[2024-08-04T13:29:31.960+0000] {processor.py:830} INFO - Processing file /opt/airflow/dags/export_multiple_dbs_to_s3_dag .py for tasks to queue
[2024-08-04T13:29:31.962+0000] {logging_mixin.py:188} INFO - [2024-08-04T13:29:31.962+0000] {dagbag.py:545} INFO - Filling up the DagBag from /opt/airflow/dags/export_multiple_dbs_to_s3_dag .py
[2024-08-04T13:29:32.718+0000] {processor.py:840} INFO - DAG(s) 'export_multiple_dbs_to_s3_dag' retrieved from /opt/airflow/dags/export_multiple_dbs_to_s3_dag .py
[2024-08-04T13:29:32.755+0000] {logging_mixin.py:188} INFO - [2024-08-04T13:29:32.754+0000] {dag.py:3089} INFO - Sync 1 DAGs
[2024-08-04T13:29:32.781+0000] {logging_mixin.py:188} INFO - [2024-08-04T13:29:32.781+0000] {dag.py:3947} INFO - Setting next_dagrun for export_multiple_dbs_to_s3_dag to 2024-08-04 00:00:00+00:00, run_after=2024-08-05 00:00:00+00:00
[2024-08-04T13:29:32.808+0000] {processor.py:183} INFO - Processing /opt/airflow/dags/export_multiple_dbs_to_s3_dag .py took 0.855 seconds
[2024-08-04T13:30:02.901+0000] {processor.py:161} INFO - Started process (PID=1586) to work on /opt/airflow/dags/export_multiple_dbs_to_s3_dag .py
[2024-08-04T13:30:02.902+0000] {processor.py:830} INFO - Processing file /opt/airflow/dags/export_multiple_dbs_to_s3_dag .py for tasks to queue
[2024-08-04T13:30:02.904+0000] {logging_mixin.py:188} INFO - [2024-08-04T13:30:02.903+0000] {dagbag.py:545} INFO - Filling up the DagBag from /opt/airflow/dags/export_multiple_dbs_to_s3_dag .py
[2024-08-04T13:30:03.519+0000] {processor.py:840} INFO - DAG(s) 'export_multiple_dbs_to_s3_dag' retrieved from /opt/airflow/dags/export_multiple_dbs_to_s3_dag .py
[2024-08-04T13:30:03.535+0000] {logging_mixin.py:188} INFO - [2024-08-04T13:30:03.534+0000] {dag.py:3089} INFO - Sync 1 DAGs
[2024-08-04T13:30:03.564+0000] {logging_mixin.py:188} INFO - [2024-08-04T13:30:03.564+0000] {dag.py:3947} INFO - Setting next_dagrun for export_multiple_dbs_to_s3_dag to 2024-08-04 00:00:00+00:00, run_after=2024-08-05 00:00:00+00:00
[2024-08-04T13:30:03.580+0000] {processor.py:183} INFO - Processing /opt/airflow/dags/export_multiple_dbs_to_s3_dag .py took 0.684 seconds
[2024-08-04T13:30:33.690+0000] {processor.py:161} INFO - Started process (PID=1647) to work on /opt/airflow/dags/export_multiple_dbs_to_s3_dag .py
[2024-08-04T13:30:33.691+0000] {processor.py:830} INFO - Processing file /opt/airflow/dags/export_multiple_dbs_to_s3_dag .py for tasks to queue
[2024-08-04T13:30:33.693+0000] {logging_mixin.py:188} INFO - [2024-08-04T13:30:33.693+0000] {dagbag.py:545} INFO - Filling up the DagBag from /opt/airflow/dags/export_multiple_dbs_to_s3_dag .py
[2024-08-04T13:30:34.260+0000] {processor.py:840} INFO - DAG(s) 'export_multiple_dbs_to_s3_dag' retrieved from /opt/airflow/dags/export_multiple_dbs_to_s3_dag .py
[2024-08-04T13:30:34.279+0000] {logging_mixin.py:188} INFO - [2024-08-04T13:30:34.279+0000] {dag.py:3089} INFO - Sync 1 DAGs
[2024-08-04T13:30:34.306+0000] {logging_mixin.py:188} INFO - [2024-08-04T13:30:34.306+0000] {dag.py:3947} INFO - Setting next_dagrun for export_multiple_dbs_to_s3_dag to 2024-08-04 00:00:00+00:00, run_after=2024-08-05 00:00:00+00:00
[2024-08-04T13:30:34.338+0000] {processor.py:183} INFO - Processing /opt/airflow/dags/export_multiple_dbs_to_s3_dag .py took 0.653 seconds
[2024-08-04T13:31:05.036+0000] {processor.py:161} INFO - Started process (PID=1707) to work on /opt/airflow/dags/export_multiple_dbs_to_s3_dag .py
[2024-08-04T13:31:05.037+0000] {processor.py:830} INFO - Processing file /opt/airflow/dags/export_multiple_dbs_to_s3_dag .py for tasks to queue
[2024-08-04T13:31:05.040+0000] {logging_mixin.py:188} INFO - [2024-08-04T13:31:05.040+0000] {dagbag.py:545} INFO - Filling up the DagBag from /opt/airflow/dags/export_multiple_dbs_to_s3_dag .py
[2024-08-04T13:31:05.659+0000] {processor.py:840} INFO - DAG(s) 'export_multiple_dbs_to_s3_dag' retrieved from /opt/airflow/dags/export_multiple_dbs_to_s3_dag .py
[2024-08-04T13:31:05.674+0000] {logging_mixin.py:188} INFO - [2024-08-04T13:31:05.674+0000] {dag.py:3089} INFO - Sync 1 DAGs
[2024-08-04T13:31:05.706+0000] {logging_mixin.py:188} INFO - [2024-08-04T13:31:05.706+0000] {dag.py:3947} INFO - Setting next_dagrun for export_multiple_dbs_to_s3_dag to 2024-08-04 00:00:00+00:00, run_after=2024-08-05 00:00:00+00:00
[2024-08-04T13:31:05.731+0000] {processor.py:183} INFO - Processing /opt/airflow/dags/export_multiple_dbs_to_s3_dag .py took 0.703 seconds
[2024-08-04T13:31:35.864+0000] {processor.py:161} INFO - Started process (PID=1770) to work on /opt/airflow/dags/export_multiple_dbs_to_s3_dag .py
[2024-08-04T13:31:35.865+0000] {processor.py:830} INFO - Processing file /opt/airflow/dags/export_multiple_dbs_to_s3_dag .py for tasks to queue
[2024-08-04T13:31:35.868+0000] {logging_mixin.py:188} INFO - [2024-08-04T13:31:35.867+0000] {dagbag.py:545} INFO - Filling up the DagBag from /opt/airflow/dags/export_multiple_dbs_to_s3_dag .py
[2024-08-04T13:31:36.911+0000] {processor.py:840} INFO - DAG(s) 'export_multiple_dbs_to_s3_dag' retrieved from /opt/airflow/dags/export_multiple_dbs_to_s3_dag .py
[2024-08-04T13:31:36.938+0000] {logging_mixin.py:188} INFO - [2024-08-04T13:31:36.938+0000] {dag.py:3089} INFO - Sync 1 DAGs
[2024-08-04T13:31:36.972+0000] {logging_mixin.py:188} INFO - [2024-08-04T13:31:36.971+0000] {dag.py:3947} INFO - Setting next_dagrun for export_multiple_dbs_to_s3_dag to 2024-08-04 00:00:00+00:00, run_after=2024-08-05 00:00:00+00:00
[2024-08-04T13:31:37.008+0000] {processor.py:183} INFO - Processing /opt/airflow/dags/export_multiple_dbs_to_s3_dag .py took 1.151 seconds
